{"contracts/CrapsGame.sol":{"l":{"76":828,"77":821,"87":7,"89":7,"90":7,"91":7,"92":7,"96":1,"100":1,"104":161,"108":4,"112":5,"116":183,"118":182,"119":182,"121":182,"122":182,"124":182,"125":182,"126":182,"128":182,"129":182,"133":73,"135":73,"136":73,"137":73,"138":1,"141":72,"142":72,"143":72,"146":72,"148":72,"149":72,"153":3,"154":3,"156":3,"157":3,"159":3,"160":3,"164":103,"166":103,"167":103,"169":103,"170":103,"174":4,"175":4,"176":3,"178":3,"179":3,"182":3,"184":3,"185":3,"189":9,"193":2,"197":133,"199":133,"200":133,"202":132,"203":132,"204":132,"205":132,"206":132,"207":132,"209":132,"210":132,"214":14,"216":14,"217":14,"218":14,"220":14,"221":14,"222":13,"225":14,"226":14,"227":14,"228":14,"229":14,"231":14,"232":14,"235":14,"236":14,"240":12,"241":12,"242":12,"244":12,"245":12,"249":5,"251":5,"252":5,"253":5,"255":5,"256":5,"260":4,"262":4,"263":4,"265":4,"269":3,"271":3,"272":3,"274":2,"275":2,"277":2,"281":2,"283":2,"284":2,"286":2,"287":2,"291":2,"293":2,"297":325,"299":325,"300":325,"302":325,"304":325,"305":30,"306":30,"307":30,"309":30,"310":30,"311":30,"312":30,"314":30,"315":30,"318":295,"319":60,"320":60,"321":60,"323":60,"324":60,"325":60,"326":60,"328":60,"329":60,"332":235,"333":11,"334":10,"336":10,"344":8,"345":8,"347":8,"348":8,"351":224,"352":12,"353":11,"355":11,"363":9,"364":9,"366":9,"367":9,"370":212,"371":31,"372":31,"374":31,"375":31,"377":29,"379":29,"380":14,"381":14,"382":14,"384":15,"385":15,"386":15,"389":29,"390":29,"393":181,"401":23,"403":22,"406":22,"407":22,"408":22,"410":22,"411":20,"413":20,"414":20,"415":20,"418":20,"419":20,"422":158,"423":42,"424":42,"426":42,"427":42,"429":42,"430":42,"433":116,"439":14,"440":14,"442":14,"443":14,"444":14,"446":14,"447":14,"450":102,"459":101,"460":101,"461":101,"463":101,"464":100,"465":100,"467":100,"468":100,"471":1,"481":17,"483":17,"484":17,"486":17,"487":16,"489":16,"490":7,"491":7,"493":6,"494":6,"495":6,"497":6,"498":6,"501":9,"502":8,"503":8,"505":8,"506":8,"507":8,"509":8,"510":8,"513":1,"517":41,"519":41,"520":41,"522":41,"524":41,"525":33,"526":33,"528":33,"529":33,"531":33,"532":33,"535":8,"536":2,"537":2,"539":1,"540":1,"542":1,"543":1,"546":6,"547":1,"548":1,"550":1,"551":1,"553":1,"554":1,"557":5,"558":1,"559":1,"561":1,"562":1,"564":1,"565":1,"568":4,"576":1,"577":1,"578":1,"580":1,"581":1,"582":1,"584":1,"585":1,"588":3,"594":1,"595":1,"596":1,"598":1,"599":1,"601":1,"602":1,"605":2,"614":1,"615":1,"617":1,"618":1,"620":1,"621":1,"624":1,"628":5,"630":5,"631":5,"633":5,"635":5,"637":5,"638":2,"639":2,"641":1,"642":1,"644":1,"645":1,"648":3,"649":1,"650":1,"652":1,"653":1,"655":1,"656":1,"659":2,"660":1,"661":1,"663":1,"664":1,"666":1,"667":1,"670":1,"674":10,"676":10,"677":10,"679":10,"680":9,"681":9,"683":4,"684":4,"688":163,"690":163,"691":163,"693":163,"695":163,"696":163,"697":163,"699":161,"700":159,"703":161,"712":161,"713":161,"714":161,"715":161,"716":161,"718":161,"719":161,"723":1148,"725":1148,"726":1148,"727":1148,"728":1148,"729":1148,"730":1148,"731":1148,"732":1148,"733":1148,"734":1148,"735":1148,"736":1148,"737":1148,"738":1148,"739":1148,"740":1148,"741":1148,"745":331,"747":331,"748":331,"749":331,"750":1,"753":330,"754":330,"755":330,"756":330,"757":330,"760":330,"764":73,"766":73,"767":73,"768":73,"769":1,"772":72,"773":72,"774":72,"775":72,"776":72,"779":72,"783":167,"784":167,"785":167,"787":166,"788":166,"789":166,"790":166,"793":166,"797":8,"798":8,"799":8,"800":1,"803":7,"804":7,"805":7,"806":7,"809":7,"810":3,"811":3,"814":7,"818":19,"820":19,"821":19,"822":3,"825":16,"826":3,"827":3,"828":3,"829":3,"831":3,"834":16,"835":16,"836":16,"839":16,"840":16,"841":16,"842":16,"843":16,"845":16,"846":16,"849":16,"853":1569,"854":1440,"857":129,"858":129,"862":561,"863":561,"864":561,"868":300,"869":300,"870":300,"880":35,"881":35,"882":35,"884":33,"885":33,"886":33,"890":31,"891":62,"892":29,"896":2,"900":10,"901":5,"902":5,"903":4,"904":3,"905":2,"906":1,"910":32,"911":22,"912":17,"913":12,"914":8,"915":4,"916":0,"924":15,"925":9,"926":6,"927":3,"928":0,"932":102,"933":102,"934":86,"935":69,"936":57,"937":39,"938":30,"939":17,"940":0,"944":101,"945":0,"946":0,"948":101,"949":16,"950":16,"952":85,"953":17,"954":17,"956":68,"957":12,"958":12,"960":56,"961":18,"962":18,"964":38,"965":9,"966":9,"968":29,"969":13,"970":13,"972":16,"973":16,"974":16,"976":0,"980":828,"984":573,"985":0,"988":573,"992":325,"996":99,"1000":53,"1001":3,"1004":50,"1005":50,"1006":0,"1009":50,"1013":155,"1014":103,"1017":52,"1018":52,"1019":52,"1020":0,"1022":52,"1023":0,"1025":52,"1026":0,"1029":52,"1030":52,"1031":52,"1032":52,"1036":155,"1037":126,"1040":29,"1041":29,"1042":29,"1043":0,"1045":29,"1046":0,"1048":29,"1049":0,"1052":29,"1053":29,"1054":29,"1058":157,"1059":157,"1060":157,"1061":0,"1064":157,"1065":157,"1066":155,"1069":157,"1070":157,"1071":0,"1074":157,"1076":157,"1077":59,"1078":59,"1083":1519,"1084":1519,"1085":1519,"1086":1519,"1088":1519,"1089":2116,"1090":2116,"1091":2116,"1092":2116,"1095":1519,"1096":1519,"1097":1519,"1098":1519,"1102":1425,"1103":1424,"1108":159,"1109":159,"1110":2,"1113":157,"1114":157,"1115":157,"1118":157,"1119":157,"1121":157,"1122":1,"1123":1,"1124":1,"1126":1,"1127":1,"1128":1,"1131":156,"1132":1,"1133":1,"1134":1,"1135":1,"1136":1,"1137":1,"1138":1,"1141":155,"1142":155,"1143":155,"1144":155,"1146":155,"1147":155,"1148":155,"1150":155,"1151":155,"1152":28,"1153":17,"1154":2,"1155":2,"1156":2,"1158":2,"1159":2,"1162":8,"1163":8,"1164":8,"1165":8,"1167":1,"1168":1,"1172":155,"1173":155,"1174":60,"1175":50,"1176":1,"1177":1,"1178":1,"1180":1,"1181":1,"1184":7,"1185":7,"1186":7,"1187":7,"1189":1,"1190":1,"1194":155,"1195":620,"1196":620,"1197":17,"1198":14,"1199":2,"1200":2,"1201":2,"1203":1,"1204":1,"1206":11,"1209":1,"1210":1,"1211":1,"1212":1,"1214":1,"1215":1,"1219":620,"1220":620,"1221":17,"1222":15,"1223":1,"1224":1,"1225":1,"1227":1,"1228":1,"1230":12,"1233":1,"1234":1,"1235":1,"1236":1,"1238":1,"1239":1,"1244":155,"1245":5,"1246":1,"1247":1,"1249":2,"1253":155,"1254":2,"1255":1,"1256":1,"1258":1,"1262":155,"1263":3,"1264":1,"1265":1,"1267":1,"1271":155,"1272":2,"1273":1,"1274":1,"1276":1,"1280":155,"1281":2,"1282":1,"1283":1,"1285":1,"1289":155,"1290":2,"1291":1,"1292":1,"1294":1,"1298":155,"1299":4,"1300":2,"1301":2,"1303":1,"1304":1,"1305":1,"1309":155,"1310":2,"1311":1,"1312":1,"1314":1,"1315":1,"1316":1,"1320":155,"1321":2,"1322":1,"1323":1,"1325":1,"1326":1,"1327":1,"1331":155,"1332":2,"1333":1,"1334":1,"1336":1,"1337":1,"1338":1,"1342":155,"1343":23,"1344":23,"1346":23,"1347":8,"1349":9,"1351":6,"1352":6,"1355":23,"1358":155,"1359":2,"1360":2,"1361":1,"1362":1,"1364":1,"1366":2,"1369":155,"1370":2,"1371":2,"1372":1,"1373":1,"1375":1,"1377":2,"1380":155,"1381":2,"1382":2,"1383":1,"1384":1,"1386":1,"1388":2,"1391":155,"1392":2,"1393":2,"1394":1,"1395":1,"1397":1,"1399":2,"1402":155,"1403":2,"1404":2,"1405":1,"1406":1,"1408":1,"1410":2,"1413":155,"1414":2,"1415":2,"1416":1,"1417":1,"1419":1,"1421":2,"1424":155,"1425":3,"1426":3,"1427":2,"1428":2,"1430":1,"1432":3,"1435":155,"1436":155,"1437":155,"1439":155,"1440":99,"1441":62,"1442":62,"1443":62,"1444":13,"1446":62,"1447":47,"1450":37,"1451":37,"1454":21,"1455":21,"1457":35,"1458":35,"1459":35,"1460":2,"1462":35,"1463":2,"1467":155,"1468":155,"1470":155,"1471":155},"path":"/Users/burden/code/crypto-craps-mono/contracts/CrapsGame.sol","s":{"1":828,"2":7,"3":1,"4":1,"5":161,"6":4,"7":5,"8":183,"9":182,"10":182,"11":182,"12":182,"13":182,"14":182,"15":73,"16":73,"17":73,"18":73,"19":72,"20":72,"21":72,"22":3,"23":3,"24":3,"25":3,"26":3,"27":103,"28":103,"29":103,"30":103,"31":4,"32":4,"33":3,"34":3,"35":3,"36":3,"37":9,"38":2,"39":133,"40":133,"41":133,"42":132,"43":132,"44":14,"45":14,"46":14,"47":14,"48":14,"49":14,"50":13,"51":14,"52":14,"53":14,"54":12,"55":12,"56":12,"57":12,"58":12,"59":5,"60":5,"61":5,"62":5,"63":4,"64":4,"65":4,"66":3,"67":3,"68":3,"69":2,"70":2,"71":2,"72":2,"73":2,"74":2,"75":325,"76":325,"77":325,"78":325,"79":325,"80":30,"81":30,"82":30,"83":30,"84":30,"85":30,"86":295,"87":60,"88":60,"89":60,"90":60,"91":60,"92":60,"93":235,"94":11,"95":10,"96":10,"97":8,"98":8,"99":8,"100":224,"101":12,"102":11,"103":11,"104":9,"105":9,"106":9,"107":212,"108":31,"109":31,"110":31,"111":31,"112":29,"113":29,"114":29,"115":29,"116":181,"117":23,"118":22,"119":22,"120":22,"121":22,"122":22,"123":20,"124":20,"125":20,"126":20,"127":158,"128":42,"129":42,"130":42,"131":42,"132":42,"133":116,"134":14,"135":14,"136":14,"137":14,"138":14,"139":14,"140":102,"141":101,"142":101,"143":101,"144":101,"145":100,"146":100,"147":100,"148":100,"149":17,"150":17,"151":17,"152":17,"153":16,"154":16,"155":7,"156":7,"157":6,"158":6,"159":6,"160":6,"161":9,"162":8,"163":8,"164":8,"165":8,"166":8,"167":8,"168":41,"169":41,"170":41,"171":41,"172":41,"173":33,"174":33,"175":33,"176":33,"177":8,"178":2,"179":1,"180":1,"181":1,"182":6,"183":1,"184":1,"185":1,"186":1,"187":5,"188":1,"189":1,"190":1,"191":1,"192":4,"193":1,"194":1,"195":1,"196":1,"197":1,"198":3,"199":1,"200":1,"201":1,"202":1,"203":1,"204":2,"205":1,"206":1,"207":1,"208":1,"209":1,"210":5,"211":5,"212":5,"213":5,"214":5,"215":5,"216":2,"217":1,"218":1,"219":1,"220":3,"221":1,"222":1,"223":1,"224":1,"225":2,"226":1,"227":1,"228":1,"229":1,"230":10,"231":10,"232":10,"233":10,"234":9,"235":9,"236":4,"237":163,"238":163,"239":163,"240":163,"241":163,"242":163,"243":163,"244":161,"245":159,"246":161,"247":161,"248":161,"249":1148,"250":331,"251":331,"252":331,"253":331,"254":330,"255":73,"256":73,"257":73,"258":73,"259":72,"260":167,"261":167,"262":167,"263":166,"264":8,"265":8,"266":8,"267":7,"268":7,"269":19,"270":19,"271":19,"272":3,"273":16,"274":3,"275":3,"276":16,"277":16,"278":16,"279":16,"280":1569,"281":1440,"282":129,"283":561,"284":561,"285":561,"286":300,"287":300,"288":300,"289":35,"290":35,"291":35,"292":33,"293":33,"294":33,"295":31,"296":62,"297":29,"298":2,"299":10,"300":5,"301":5,"302":0,"303":5,"304":1,"305":4,"306":1,"307":3,"308":1,"309":2,"310":1,"311":32,"312":10,"313":22,"314":5,"315":17,"316":5,"317":12,"318":4,"319":8,"320":4,"321":4,"322":4,"323":15,"324":6,"325":9,"326":3,"327":6,"328":3,"329":3,"330":3,"331":102,"332":0,"333":102,"334":16,"335":86,"336":17,"337":69,"338":12,"339":57,"340":18,"341":39,"342":9,"343":30,"344":13,"345":17,"346":17,"347":101,"348":0,"349":101,"350":16,"351":85,"352":17,"353":68,"354":12,"355":56,"356":18,"357":38,"358":9,"359":29,"360":13,"361":16,"362":16,"363":828,"364":573,"365":0,"366":573,"367":325,"368":99,"369":53,"370":3,"371":50,"372":50,"373":0,"374":50,"375":155,"376":103,"377":52,"378":52,"379":52,"380":52,"381":0,"382":155,"383":126,"384":29,"385":29,"386":29,"387":29,"388":0,"389":157,"390":157,"391":157,"392":157,"393":157,"394":157,"395":1519,"396":1519,"397":1519,"398":1519,"399":1519,"400":2116,"401":1519,"402":1519,"403":1519,"404":1519,"405":1425,"406":1424,"407":159,"408":159,"409":2,"410":157,"411":157,"412":157,"413":157,"414":1,"415":1,"416":1,"417":1,"418":156,"419":1,"420":1,"421":1,"422":1,"423":155,"424":155,"425":155,"426":155,"427":155,"428":155,"429":155,"430":155,"431":155,"432":28,"433":17,"434":15,"435":11,"436":3,"437":155,"438":155,"439":60,"440":50,"441":49,"442":10,"443":3,"444":155,"445":620,"446":620,"447":17,"448":14,"449":12,"450":3,"451":2,"452":620,"453":620,"454":17,"455":15,"456":14,"457":13,"458":2,"459":1,"460":155,"461":5,"462":4,"463":155,"464":2,"465":1,"466":155,"467":3,"468":2,"469":155,"470":2,"471":1,"472":155,"473":2,"474":1,"475":155,"476":2,"477":1,"478":155,"479":4,"480":2,"481":155,"482":2,"483":1,"484":155,"485":2,"486":1,"487":155,"488":2,"489":1,"490":155,"491":23,"492":23,"493":15,"494":155,"495":2,"496":2,"497":155,"498":2,"499":2,"500":155,"501":2,"502":2,"503":155,"504":2,"505":2,"506":155,"507":2,"508":2,"509":155,"510":2,"511":2,"512":155,"513":3,"514":3,"515":155,"516":155,"517":155,"518":155,"519":99,"520":62,"521":62,"522":56,"523":35,"524":35,"525":155,"526":155},"b":{"1":[7,821],"2":[0,7],"3":[186,2],"4":[183,3],"5":[183,0],"6":[1,182],"7":[73,0],"8":[0,73],"9":[1,72],"10":[3,2],"11":[3,0],"12":[0,3],"13":[103,1],"14":[103,0],"15":[0,103],"16":[5,1],"17":[4,1],"18":[4,0],"19":[0,4],"20":[1,3],"21":[0,3],"22":[9,1],"23":[2,1],"24":[136,0],"25":[133,3],"26":[133,0],"27":[1,132],"28":[14,0],"29":[0,14],"30":[0,14],"31":[13,1],"32":[14,0],"33":[12,0],"34":[0,12],"35":[0,12],"36":[5,0],"37":[0,4],"38":[0,3],"39":[1,2],"40":[0,1],"41":[2,0],"42":[2,0],"43":[2,0],"44":[326,1],"45":[325,1],"46":[325,0],"47":[30,295],"48":[0,30],"49":[0,30],"50":[60,235],"51":[0,60],"52":[0,60],"53":[11,224],"54":[1,10],"55":[0,10],"56":[12,212],"57":[1,11],"58":[0,11],"59":[31,181],"60":[15,16],"61":[0,31],"62":[2,29],"63":[14,15],"64":[23,158],"65":[6,4],"66":[4,4],"67":[4,3],"68":[3,3],"69":[3,3],"70":[1,22],"71":[4,3],"72":[7,15],"73":[4,3],"74":[7,15],"75":[20,0],"76":[42,116],"77":[14,102],"78":[5,3],"79":[3,3],"80":[3,3],"81":[101,1],"82":[15,17],"83":[17,12],"84":[12,18],"85":[18,9],"86":[9,13],"87":[13,17],"88":[17,84],"89":[17,84],"90":[17,0],"91":[17,0],"92":[17,0],"93":[1,16],"94":[0,16],"95":[7,9],"96":[1,6],"97":[1,0],"98":[8,1],"99":[0,8],"100":[0,0],"101":[41,0],"102":[33,8],"103":[0,33],"104":[2,6],"105":[1,1],"106":[1,5],"107":[0,1],"108":[1,4],"109":[0,1],"110":[1,3],"111":[0,1],"112":[1,0],"113":[0,0],"114":[0,0],"115":[0,0],"116":[0,1],"117":[1,2],"118":[1,0],"119":[0,0],"120":[0,0],"121":[0,1],"122":[1,1],"123":[1,0],"124":[0,0],"125":[0,0],"126":[0,0],"127":[0,0],"128":[0,0],"129":[0,1],"130":[5,0],"131":[0,5],"132":[2,3],"133":[1,1],"134":[1,2],"135":[0,1],"136":[1,1],"137":[0,1],"138":[10,0],"139":[5,4],"140":[163,1],"141":[163,0],"142":[163,0],"143":[0,163],"144":[2,161],"145":[159,2],"146":[1037,111],"147":[0,331],"148":[1,330],"149":[0,73],"150":[1,72],"151":[0,167],"152":[1,166],"153":[1,7],"154":[3,4],"155":[3,16],"156":[3,13],"157":[3,0],"158":[16,0],"159":[16,0],"160":[1440,129],"161":[0,561],"162":[0,561],"163":[0,561],"164":[0,300],"165":[0,300],"166":[0,0],"167":[3,297],"168":[0,35],"169":[0,35],"170":[2,33],"171":[0,33],"172":[2,31],"173":[29,33],"174":[5,5],"175":[0,5],"176":[1,4],"177":[1,3],"178":[1,2],"179":[1,1],"180":[10,22],"181":[5,17],"182":[5,12],"183":[4,8],"184":[4,4],"185":[4,0],"186":[6,9],"187":[3,6],"188":[3,3],"189":[3,0],"190":[0,102],"191":[16,86],"192":[17,69],"193":[12,57],"194":[18,39],"195":[9,30],"196":[13,17],"197":[17,0],"198":[0,101],"199":[16,85],"200":[17,68],"201":[12,56],"202":[18,38],"203":[9,29],"204":[13,16],"205":[16,0],"206":[4,3],"207":[0,573],"208":[0,0],"209":[226,99],"210":[8,31],"211":[31,12],"212":[12,5],"213":[5,3],"214":[3,3],"215":[3,50],"216":[0,50],"217":[0,0],"218":[103,52],"219":[0,52],"220":[0,52],"221":[0,52],"222":[126,29],"223":[0,29],"224":[0,29],"225":[0,29],"226":[0,157],"227":[155,2],"228":[0,157],"229":[59,98],"230":[1424,1],"231":[2,157],"232":[157,0],"233":[1,156],"234":[0,1],"235":[1,0],"236":[1,0],"237":[1,155],"238":[1,0],"239":[28,127],"240":[17,11],"241":[2,15],"242":[2,0],"243":[2,13],"244":[0,1],"245":[1,1],"246":[8,3],"247":[1,2],"248":[60,95],"249":[50,10],"250":[1,49],"251":[0,1],"252":[1,48],"253":[1,0],"254":[7,3],"255":[1,2],"256":[17,603],"257":[14,3],"258":[2,12],"259":[1,1],"260":[1,11],"261":[1,0],"262":[0,0],"263":[1,2],"264":[1,1],"265":[17,603],"266":[15,2],"267":[1,14],"268":[1,0],"269":[1,13],"270":[0,1],"271":[12,1],"272":[1,1],"273":[1,0],"274":[5,150],"275":[1,4],"276":[2,2],"277":[2,153],"278":[1,1],"279":[1,0],"280":[3,152],"281":[1,2],"282":[1,1],"283":[2,153],"284":[1,1],"285":[1,0],"286":[2,153],"287":[1,1],"288":[1,0],"289":[2,153],"290":[1,1],"291":[1,0],"292":[4,151],"293":[2,2],"294":[1,1],"295":[1,1],"296":[2,153],"297":[1,1],"298":[0,1],"299":[1,0],"300":[2,153],"301":[1,1],"302":[0,1],"303":[1,0],"304":[2,153],"305":[1,1],"306":[0,1],"307":[1,0],"308":[23,132],"309":[8,15],"310":[5,3],"311":[9,6],"312":[3,1],"313":[1,1],"314":[1,1],"315":[1,3],"316":[2,153],"317":[1,1],"318":[2,153],"319":[1,1],"320":[1,0],"321":[0,0],"322":[2,153],"323":[1,1],"324":[2,153],"325":[1,1],"326":[2,153],"327":[1,1],"328":[2,153],"329":[1,1],"330":[3,152],"331":[2,1],"332":[1,0],"333":[0,1],"334":[1,0],"335":[99,56],"336":[62,37],"337":[13,49],"338":[47,15],"339":[21,35],"340":[11,10],"341":[2,33],"342":[2,33]},"f":{"1":828,"2":7,"3":1,"4":1,"5":161,"6":4,"7":5,"8":183,"9":73,"10":3,"11":103,"12":4,"13":9,"14":2,"15":133,"16":14,"17":12,"18":5,"19":4,"20":3,"21":2,"22":2,"23":325,"24":17,"25":41,"26":5,"27":10,"28":163,"29":1148,"30":331,"31":73,"32":167,"33":8,"34":19,"35":1569,"36":561,"37":300,"38":35,"39":31,"40":10,"41":32,"42":15,"43":102,"44":101,"45":828,"46":573,"47":325,"48":99,"49":53,"50":155,"51":155,"52":157,"53":1519,"54":1425,"55":159},"fnMap":{"1":{"name":"notExcluded","line":75,"loc":{"start":{"line":75,"column":4},"end":{"line":78,"column":4}}},"2":{"name":"constructor","line":86,"loc":{"start":{"line":80,"column":4},"end":{"line":93,"column":4}}},"3":{"name":"token","line":95,"loc":{"start":{"line":95,"column":4},"end":{"line":97,"column":4}}},"4":{"name":"vrfCoordinator","line":99,"loc":{"start":{"line":99,"column":4},"end":{"line":101,"column":4}}},"5":{"name":"availableBalanceOf","line":103,"loc":{"start":{"line":103,"column":4},"end":{"line":105,"column":4}}},"6":{"name":"inPlayBalanceOf","line":107,"loc":{"start":{"line":107,"column":4},"end":{"line":109,"column":4}}},"7":{"name":"reservedBalanceOf","line":111,"loc":{"start":{"line":111,"column":4},"end":{"line":113,"column":4}}},"8":{"name":"deposit","line":115,"loc":{"start":{"line":115,"column":4},"end":{"line":130,"column":4}}},"9":{"name":"withdraw","line":132,"loc":{"start":{"line":132,"column":4},"end":{"line":150,"column":4}}},"10":{"name":"withdrawFees","line":152,"loc":{"start":{"line":152,"column":4},"end":{"line":161,"column":4}}},"11":{"name":"fundBankroll","line":163,"loc":{"start":{"line":163,"column":4},"end":{"line":171,"column":4}}},"12":{"name":"withdrawBankroll","line":173,"loc":{"start":{"line":173,"column":4},"end":{"line":186,"column":4}}},"13":{"name":"pause","line":188,"loc":{"start":{"line":188,"column":4},"end":{"line":190,"column":4}}},"14":{"name":"unpause","line":192,"loc":{"start":{"line":192,"column":4},"end":{"line":194,"column":4}}},"15":{"name":"openSession","line":196,"loc":{"start":{"line":196,"column":4},"end":{"line":211,"column":4}}},"16":{"name":"closeSession","line":213,"loc":{"start":{"line":213,"column":4},"end":{"line":237,"column":4}}},"17":{"name":"expireSession","line":239,"loc":{"start":{"line":239,"column":4},"end":{"line":246,"column":4}}},"18":{"name":"selfExclude","line":248,"loc":{"start":{"line":248,"column":4},"end":{"line":257,"column":4}}},"19":{"name":"requestSelfReinstatement","line":259,"loc":{"start":{"line":259,"column":4},"end":{"line":266,"column":4}}},"20":{"name":"completeSelfReinstatement","line":268,"loc":{"start":{"line":268,"column":4},"end":{"line":278,"column":4}}},"21":{"name":"operatorExclude","line":280,"loc":{"start":{"line":280,"column":4},"end":{"line":288,"column":4}}},"22":{"name":"operatorReinstate","line":290,"loc":{"start":{"line":290,"column":4},"end":{"line":294,"column":4}}},"23":{"name":"placeBet","line":296,"loc":{"start":{"line":296,"column":4},"end":{"line":472,"column":4}}},"24":{"name":"placeIndexedBet","line":479,"loc":{"start":{"line":474,"column":4},"end":{"line":514,"column":4}}},"25":{"name":"removeBet","line":516,"loc":{"start":{"line":516,"column":4},"end":{"line":625,"column":4}}},"26":{"name":"removeIndexedBet","line":627,"loc":{"start":{"line":627,"column":4},"end":{"line":671,"column":4}}},"27":{"name":"setPlaceWorking","line":673,"loc":{"start":{"line":673,"column":4},"end":{"line":685,"column":4}}},"28":{"name":"rollDice","line":687,"loc":{"start":{"line":687,"column":4},"end":{"line":720,"column":4}}},"29":{"name":"getPlayerState","line":722,"loc":{"start":{"line":722,"column":4},"end":{"line":742,"column":4}}},"30":{"name":"_debitAvailable","line":744,"loc":{"start":{"line":744,"column":4},"end":{"line":761,"column":4}}},"31":{"name":"_creditAvailable","line":763,"loc":{"start":{"line":763,"column":4},"end":{"line":780,"column":4}}},"32":{"name":"_reserveFromBankroll","line":782,"loc":{"start":{"line":782,"column":4},"end":{"line":794,"column":4}}},"33":{"name":"_releaseReserve","line":796,"loc":{"start":{"line":796,"column":4},"end":{"line":815,"column":4}}},"34":{"name":"_expireSession","line":817,"loc":{"start":{"line":817,"column":4},"end":{"line":850,"column":4}}},"35":{"name":"_trackPlayer","line":852,"loc":{"start":{"line":852,"column":4},"end":{"line":859,"column":4}}},"36":{"name":"_requireSessionReady","line":861,"loc":{"start":{"line":861,"column":4},"end":{"line":865,"column":4}}},"37":{"name":"_validateSingleBetAmount","line":867,"loc":{"start":{"line":867,"column":4},"end":{"line":871,"column":4}}},"38":{"name":"_validateOddsAmount","line":873,"loc":{"start":{"line":873,"column":4},"end":{"line":887,"column":4}}},"39":{"name":"_findOpenLineBetSlot","line":889,"loc":{"start":{"line":889,"column":4},"end":{"line":897,"column":4}}},"40":{"name":"_placeBetTypeForNumber","line":899,"loc":{"start":{"line":899,"column":4},"end":{"line":907,"column":4}}},"41":{"name":"_placeBetStorage","line":909,"loc":{"start":{"line":909,"column":4},"end":{"line":917,"column":4}}},"42":{"name":"_hardwayBetStorage","line":919,"loc":{"start":{"line":919,"column":4},"end":{"line":929,"column":4}}},"43":{"name":"_oneRollBetAmount","line":931,"loc":{"start":{"line":931,"column":4},"end":{"line":941,"column":4}}},"44":{"name":"_setOneRollBetAmount","line":943,"loc":{"start":{"line":943,"column":4},"end":{"line":977,"column":4}}},"45":{"name":"_isExcluded","line":979,"loc":{"start":{"line":979,"column":4},"end":{"line":981,"column":4}}},"46":{"name":"_isSessionExpired","line":983,"loc":{"start":{"line":983,"column":4},"end":{"line":989,"column":4}}},"47":{"name":"_puckState","line":991,"loc":{"start":{"line":991,"column":4},"end":{"line":993,"column":4}}},"48":{"name":"_isPointNumber","line":995,"loc":{"start":{"line":995,"column":4},"end":{"line":997,"column":4}}},"49":{"name":"_payoutAmount","line":999,"loc":{"start":{"line":999,"column":4},"end":{"line":1010,"column":4}}},"50":{"name":"_softMoveInPlayToAvailable","line":1012,"loc":{"start":{"line":1012,"column":4},"end":{"line":1033,"column":4}}},"51":{"name":"_softMoveInPlayToBankroll","line":1035,"loc":{"start":{"line":1035,"column":4},"end":{"line":1055,"column":4}}},"52":{"name":"_softReleaseReserve","line":1057,"loc":{"start":{"line":1057,"column":4},"end":{"line":1080,"column":4}}},"53":{"name":"_assertInvariant","line":1082,"loc":{"start":{"line":1082,"column":4},"end":{"line":1099,"column":4}}},"54":{"name":"_assertInvariantIfNeeded","line":1101,"loc":{"start":{"line":1101,"column":4},"end":{"line":1105,"column":4}}},"55":{"name":"fulfillRandomWords","line":1107,"loc":{"start":{"line":1107,"column":4},"end":{"line":1472,"column":4}}}},"statementMap":{"1":{"start":{"line":76,"column":8},"end":{"line":76,"column":70}},"2":{"start":{"line":87,"column":8},"end":{"line":87,"column":57}},"3":{"start":{"line":96,"column":8},"end":{"line":96,"column":31}},"4":{"start":{"line":100,"column":8},"end":{"line":100,"column":40}},"5":{"start":{"line":104,"column":8},"end":{"line":104,"column":33}},"6":{"start":{"line":108,"column":8},"end":{"line":108,"column":30}},"7":{"start":{"line":112,"column":8},"end":{"line":112,"column":32}},"8":{"start":{"line":116,"column":8},"end":{"line":116,"column":44}},"9":{"start":{"line":118,"column":8},"end":{"line":118,"column":31}},"10":{"start":{"line":119,"column":8},"end":{"line":119,"column":66}},"11":{"start":{"line":121,"column":8},"end":{"line":121,"column":57}},"12":{"start":{"line":122,"column":8},"end":{"line":122,"column":45}},"13":{"start":{"line":128,"column":8},"end":{"line":128,"column":45}},"14":{"start":{"line":129,"column":8},"end":{"line":129,"column":33}},"15":{"start":{"line":133,"column":8},"end":{"line":133,"column":44}},"16":{"start":{"line":135,"column":8},"end":{"line":135,"column":31}},"17":{"start":{"line":136,"column":8},"end":{"line":136,"column":57}},"18":{"start":{"line":137,"column":8},"end":{"line":137,"column":5091}},"19":{"start":{"line":146,"column":8},"end":{"line":146,"column":47}},"20":{"start":{"line":148,"column":8},"end":{"line":148,"column":43}},"21":{"start":{"line":149,"column":8},"end":{"line":149,"column":33}},"22":{"start":{"line":153,"column":8},"end":{"line":153,"column":36}},"23":{"start":{"line":154,"column":8},"end":{"line":154,"column":44}},"24":{"start":{"line":157,"column":8},"end":{"line":157,"column":39}},"25":{"start":{"line":159,"column":8},"end":{"line":159,"column":38}},"26":{"start":{"line":160,"column":8},"end":{"line":160,"column":33}},"27":{"start":{"line":164,"column":8},"end":{"line":164,"column":44}},"28":{"start":{"line":166,"column":8},"end":{"line":166,"column":66}},"29":{"start":{"line":169,"column":8},"end":{"line":169,"column":47}},"30":{"start":{"line":170,"column":8},"end":{"line":170,"column":33}},"31":{"start":{"line":174,"column":8},"end":{"line":174,"column":44}},"32":{"start":{"line":175,"column":8},"end":{"line":175,"column":93}},"33":{"start":{"line":176,"column":8},"end":{"line":176,"column":76}},"34":{"start":{"line":182,"column":8},"end":{"line":182,"column":47}},"35":{"start":{"line":184,"column":8},"end":{"line":184,"column":50}},"36":{"start":{"line":185,"column":8},"end":{"line":185,"column":33}},"37":{"start":{"line":189,"column":8},"end":{"line":189,"column":15}},"38":{"start":{"line":193,"column":8},"end":{"line":193,"column":17}},"39":{"start":{"line":197,"column":8},"end":{"line":197,"column":31}},"40":{"start":{"line":199,"column":8},"end":{"line":199,"column":59}},"41":{"start":{"line":200,"column":8},"end":{"line":200,"column":81}},"42":{"start":{"line":209,"column":8},"end":{"line":209,"column":38}},"43":{"start":{"line":210,"column":8},"end":{"line":210,"column":33}},"44":{"start":{"line":214,"column":8},"end":{"line":214,"column":31}},"45":{"start":{"line":216,"column":8},"end":{"line":216,"column":59}},"46":{"start":{"line":217,"column":8},"end":{"line":217,"column":77}},"47":{"start":{"line":218,"column":8},"end":{"line":218,"column":83}},"48":{"start":{"line":220,"column":8},"end":{"line":220,"column":52}},"49":{"start":{"line":221,"column":8},"end":{"line":221,"column":7743}},"50":{"start":{"line":222,"column":12},"end":{"line":222,"column":55}},"51":{"start":{"line":231,"column":8},"end":{"line":231,"column":8027}},"52":{"start":{"line":235,"column":8},"end":{"line":235,"column":54}},"53":{"start":{"line":236,"column":8},"end":{"line":236,"column":33}},"54":{"start":{"line":240,"column":8},"end":{"line":240,"column":55}},"55":{"start":{"line":241,"column":8},"end":{"line":241,"column":77}},"56":{"start":{"line":242,"column":8},"end":{"line":242,"column":66}},"57":{"start":{"line":244,"column":8},"end":{"line":244,"column":29}},"58":{"start":{"line":245,"column":8},"end":{"line":245,"column":33}},"59":{"start":{"line":249,"column":8},"end":{"line":249,"column":31}},"60":{"start":{"line":253,"column":8},"end":{"line":253,"column":33}},"61":{"start":{"line":255,"column":8},"end":{"line":255,"column":37}},"62":{"start":{"line":256,"column":8},"end":{"line":256,"column":33}},"63":{"start":{"line":260,"column":8},"end":{"line":260,"column":76}},"64":{"start":{"line":262,"column":8},"end":{"line":262,"column":67}},"65":{"start":{"line":265,"column":8},"end":{"line":265,"column":63}},"66":{"start":{"line":269,"column":8},"end":{"line":269,"column":76}},"67":{"start":{"line":271,"column":8},"end":{"line":271,"column":64}},"68":{"start":{"line":272,"column":8},"end":{"line":272,"column":107}},"69":{"start":{"line":277,"column":8},"end":{"line":277,"column":39}},"70":{"start":{"line":281,"column":8},"end":{"line":281,"column":27}},"71":{"start":{"line":284,"column":8},"end":{"line":284,"column":29}},"72":{"start":{"line":286,"column":8},"end":{"line":286,"column":37}},"73":{"start":{"line":287,"column":8},"end":{"line":287,"column":33}},"74":{"start":{"line":293,"column":8},"end":{"line":293,"column":39}},"75":{"start":{"line":297,"column":8},"end":{"line":297,"column":31}},"76":{"start":{"line":299,"column":8},"end":{"line":299,"column":59}},"77":{"start":{"line":300,"column":8},"end":{"line":300,"column":36}},"78":{"start":{"line":302,"column":8},"end":{"line":302,"column":55}},"79":{"start":{"line":304,"column":8},"end":{"line":304,"column":10411}},"80":{"start":{"line":305,"column":12},"end":{"line":305,"column":85}},"81":{"start":{"line":306,"column":12},"end":{"line":306,"column":74}},"82":{"start":{"line":307,"column":12},"end":{"line":307,"column":79}},"83":{"start":{"line":309,"column":12},"end":{"line":309,"column":46}},"84":{"start":{"line":314,"column":12},"end":{"line":314,"column":55}},"85":{"start":{"line":315,"column":12},"end":{"line":315,"column":18}},"86":{"start":{"line":318,"column":8},"end":{"line":318,"column":10985}},"87":{"start":{"line":319,"column":12},"end":{"line":319,"column":85}},"88":{"start":{"line":320,"column":12},"end":{"line":320,"column":74}},"89":{"start":{"line":321,"column":12},"end":{"line":321,"column":79}},"90":{"start":{"line":323,"column":12},"end":{"line":323,"column":46}},"91":{"start":{"line":328,"column":12},"end":{"line":328,"column":55}},"92":{"start":{"line":329,"column":12},"end":{"line":329,"column":18}},"93":{"start":{"line":332,"column":8},"end":{"line":332,"column":11559}},"94":{"start":{"line":333,"column":12},"end":{"line":333,"column":84}},"95":{"start":{"line":334,"column":12},"end":{"line":334,"column":88}},"96":{"start":{"line":336,"column":12},"end":{"line":336,"column":11793}},"97":{"start":{"line":344,"column":12},"end":{"line":344,"column":46}},"98":{"start":{"line":347,"column":12},"end":{"line":347,"column":55}},"99":{"start":{"line":348,"column":12},"end":{"line":348,"column":18}},"100":{"start":{"line":351,"column":8},"end":{"line":351,"column":12212}},"101":{"start":{"line":352,"column":12},"end":{"line":352,"column":84}},"102":{"start":{"line":353,"column":12},"end":{"line":353,"column":88}},"103":{"start":{"line":355,"column":12},"end":{"line":355,"column":12446}},"104":{"start":{"line":363,"column":12},"end":{"line":363,"column":46}},"105":{"start":{"line":366,"column":12},"end":{"line":366,"column":55}},"106":{"start":{"line":367,"column":12},"end":{"line":367,"column":18}},"107":{"start":{"line":370,"column":8},"end":{"line":370,"column":12865}},"108":{"start":{"line":371,"column":12},"end":{"line":371,"column":84}},"109":{"start":{"line":372,"column":12},"end":{"line":372,"column":74}},"110":{"start":{"line":374,"column":12},"end":{"line":374,"column":119}},"111":{"start":{"line":375,"column":12},"end":{"line":375,"column":62}},"112":{"start":{"line":377,"column":12},"end":{"line":377,"column":46}},"113":{"start":{"line":379,"column":12},"end":{"line":379,"column":13344}},"114":{"start":{"line":389,"column":12},"end":{"line":389,"column":55}},"115":{"start":{"line":390,"column":12},"end":{"line":390,"column":18}},"116":{"start":{"line":393,"column":8},"end":{"line":393,"column":13873}},"117":{"start":{"line":401,"column":12},"end":{"line":401,"column":84}},"118":{"start":{"line":403,"column":12},"end":{"line":403,"column":14262}},"119":{"start":{"line":406,"column":12},"end":{"line":406,"column":97}},"120":{"start":{"line":407,"column":12},"end":{"line":407,"column":80}},"121":{"start":{"line":408,"column":12},"end":{"line":408,"column":56}},"122":{"start":{"line":410,"column":12},"end":{"line":410,"column":81}},"123":{"start":{"line":411,"column":12},"end":{"line":411,"column":46}},"124":{"start":{"line":414,"column":12},"end":{"line":414,"column":14818}},"125":{"start":{"line":418,"column":12},"end":{"line":418,"column":55}},"126":{"start":{"line":419,"column":12},"end":{"line":419,"column":18}},"127":{"start":{"line":422,"column":8},"end":{"line":422,"column":15001}},"128":{"start":{"line":423,"column":12},"end":{"line":423,"column":67}},"129":{"start":{"line":424,"column":12},"end":{"line":424,"column":78}},"130":{"start":{"line":426,"column":12},"end":{"line":426,"column":46}},"131":{"start":{"line":429,"column":12},"end":{"line":429,"column":55}},"132":{"start":{"line":430,"column":12},"end":{"line":430,"column":18}},"133":{"start":{"line":433,"column":8},"end":{"line":433,"column":15382}},"134":{"start":{"line":439,"column":12},"end":{"line":439,"column":85}},"135":{"start":{"line":440,"column":12},"end":{"line":440,"column":57}},"136":{"start":{"line":442,"column":12},"end":{"line":442,"column":82}},"137":{"start":{"line":443,"column":12},"end":{"line":443,"column":46}},"138":{"start":{"line":446,"column":12},"end":{"line":446,"column":55}},"139":{"start":{"line":447,"column":12},"end":{"line":447,"column":18}},"140":{"start":{"line":450,"column":8},"end":{"line":450,"column":15981}},"141":{"start":{"line":459,"column":12},"end":{"line":459,"column":85}},"142":{"start":{"line":460,"column":12},"end":{"line":460,"column":62}},"143":{"start":{"line":461,"column":12},"end":{"line":461,"column":89}},"144":{"start":{"line":463,"column":12},"end":{"line":463,"column":80}},"145":{"start":{"line":464,"column":12},"end":{"line":464,"column":46}},"146":{"start":{"line":465,"column":12},"end":{"line":465,"column":73}},"147":{"start":{"line":467,"column":12},"end":{"line":467,"column":55}},"148":{"start":{"line":468,"column":12},"end":{"line":468,"column":18}},"149":{"start":{"line":481,"column":8},"end":{"line":481,"column":31}},"150":{"start":{"line":483,"column":8},"end":{"line":483,"column":59}},"151":{"start":{"line":484,"column":8},"end":{"line":484,"column":36}},"152":{"start":{"line":486,"column":8},"end":{"line":486,"column":77}},"153":{"start":{"line":487,"column":8},"end":{"line":487,"column":50}},"154":{"start":{"line":489,"column":8},"end":{"line":489,"column":17321}},"155":{"start":{"line":490,"column":12},"end":{"line":490,"column":58}},"156":{"start":{"line":491,"column":12},"end":{"line":491,"column":91}},"157":{"start":{"line":493,"column":12},"end":{"line":493,"column":107}},"158":{"start":{"line":494,"column":12},"end":{"line":494,"column":46}},"159":{"start":{"line":497,"column":12},"end":{"line":497,"column":55}},"160":{"start":{"line":498,"column":12},"end":{"line":498,"column":18}},"161":{"start":{"line":501,"column":8},"end":{"line":501,"column":17809}},"162":{"start":{"line":502,"column":12},"end":{"line":502,"column":66}},"163":{"start":{"line":503,"column":12},"end":{"line":503,"column":104}},"164":{"start":{"line":505,"column":12},"end":{"line":505,"column":119}},"165":{"start":{"line":506,"column":12},"end":{"line":506,"column":46}},"166":{"start":{"line":509,"column":12},"end":{"line":509,"column":55}},"167":{"start":{"line":510,"column":12},"end":{"line":510,"column":18}},"168":{"start":{"line":517,"column":8},"end":{"line":517,"column":31}},"169":{"start":{"line":519,"column":8},"end":{"line":519,"column":59}},"170":{"start":{"line":520,"column":8},"end":{"line":520,"column":36}},"171":{"start":{"line":522,"column":8},"end":{"line":522,"column":30}},"172":{"start":{"line":524,"column":8},"end":{"line":524,"column":18628}},"173":{"start":{"line":526,"column":12},"end":{"line":526,"column":74}},"174":{"start":{"line":529,"column":12},"end":{"line":529,"column":55}},"175":{"start":{"line":531,"column":12},"end":{"line":531,"column":64}},"176":{"start":{"line":532,"column":12},"end":{"line":532,"column":18}},"177":{"start":{"line":535,"column":8},"end":{"line":535,"column":19041}},"178":{"start":{"line":537,"column":12},"end":{"line":537,"column":79}},"179":{"start":{"line":540,"column":12},"end":{"line":540,"column":55}},"180":{"start":{"line":542,"column":12},"end":{"line":542,"column":64}},"181":{"start":{"line":543,"column":12},"end":{"line":543,"column":18}},"182":{"start":{"line":546,"column":8},"end":{"line":546,"column":19441}},"183":{"start":{"line":548,"column":12},"end":{"line":548,"column":79}},"184":{"start":{"line":551,"column":12},"end":{"line":551,"column":55}},"185":{"start":{"line":553,"column":12},"end":{"line":553,"column":64}},"186":{"start":{"line":554,"column":12},"end":{"line":554,"column":18}},"187":{"start":{"line":557,"column":8},"end":{"line":557,"column":19841}},"188":{"start":{"line":559,"column":12},"end":{"line":559,"column":64}},"189":{"start":{"line":562,"column":12},"end":{"line":562,"column":55}},"190":{"start":{"line":564,"column":12},"end":{"line":564,"column":64}},"191":{"start":{"line":565,"column":12},"end":{"line":565,"column":18}},"192":{"start":{"line":568,"column":8},"end":{"line":568,"column":20207}},"193":{"start":{"line":576,"column":12},"end":{"line":576,"column":80}},"194":{"start":{"line":578,"column":12},"end":{"line":578,"column":64}},"195":{"start":{"line":582,"column":12},"end":{"line":582,"column":55}},"196":{"start":{"line":584,"column":12},"end":{"line":584,"column":64}},"197":{"start":{"line":585,"column":12},"end":{"line":585,"column":18}},"198":{"start":{"line":588,"column":8},"end":{"line":588,"column":20907}},"199":{"start":{"line":594,"column":12},"end":{"line":594,"column":85}},"200":{"start":{"line":596,"column":12},"end":{"line":596,"column":64}},"201":{"start":{"line":599,"column":12},"end":{"line":599,"column":55}},"202":{"start":{"line":601,"column":12},"end":{"line":601,"column":64}},"203":{"start":{"line":602,"column":12},"end":{"line":602,"column":18}},"204":{"start":{"line":605,"column":8},"end":{"line":605,"column":21487}},"205":{"start":{"line":615,"column":12},"end":{"line":615,"column":64}},"206":{"start":{"line":617,"column":12},"end":{"line":617,"column":66}},"207":{"start":{"line":618,"column":12},"end":{"line":618,"column":55}},"208":{"start":{"line":620,"column":12},"end":{"line":620,"column":64}},"209":{"start":{"line":621,"column":12},"end":{"line":621,"column":18}},"210":{"start":{"line":628,"column":8},"end":{"line":628,"column":31}},"211":{"start":{"line":630,"column":8},"end":{"line":630,"column":59}},"212":{"start":{"line":631,"column":8},"end":{"line":631,"column":36}},"213":{"start":{"line":633,"column":8},"end":{"line":633,"column":50}},"214":{"start":{"line":635,"column":8},"end":{"line":635,"column":30}},"215":{"start":{"line":637,"column":8},"end":{"line":637,"column":22528}},"216":{"start":{"line":639,"column":12},"end":{"line":639,"column":74}},"217":{"start":{"line":642,"column":12},"end":{"line":642,"column":55}},"218":{"start":{"line":644,"column":12},"end":{"line":644,"column":64}},"219":{"start":{"line":645,"column":12},"end":{"line":645,"column":18}},"220":{"start":{"line":648,"column":8},"end":{"line":648,"column":22962}},"221":{"start":{"line":650,"column":12},"end":{"line":650,"column":74}},"222":{"start":{"line":653,"column":12},"end":{"line":653,"column":55}},"223":{"start":{"line":655,"column":12},"end":{"line":655,"column":64}},"224":{"start":{"line":656,"column":12},"end":{"line":656,"column":18}},"225":{"start":{"line":659,"column":8},"end":{"line":659,"column":23358}},"226":{"start":{"line":661,"column":12},"end":{"line":661,"column":79}},"227":{"start":{"line":664,"column":12},"end":{"line":664,"column":55}},"228":{"start":{"line":666,"column":12},"end":{"line":666,"column":64}},"229":{"start":{"line":667,"column":12},"end":{"line":667,"column":18}},"230":{"start":{"line":674,"column":8},"end":{"line":674,"column":31}},"231":{"start":{"line":676,"column":8},"end":{"line":676,"column":59}},"232":{"start":{"line":677,"column":8},"end":{"line":677,"column":36}},"233":{"start":{"line":679,"column":8},"end":{"line":679,"column":61}},"234":{"start":{"line":680,"column":8},"end":{"line":680,"column":76}},"235":{"start":{"line":681,"column":8},"end":{"line":681,"column":62}},"236":{"start":{"line":684,"column":8},"end":{"line":684,"column":33}},"237":{"start":{"line":688,"column":8},"end":{"line":688,"column":31}},"238":{"start":{"line":690,"column":8},"end":{"line":690,"column":59}},"239":{"start":{"line":691,"column":8},"end":{"line":691,"column":36}},"240":{"start":{"line":693,"column":8},"end":{"line":693,"column":61}},"241":{"start":{"line":695,"column":8},"end":{"line":695,"column":49}},"242":{"start":{"line":696,"column":8},"end":{"line":696,"column":83}},"243":{"start":{"line":697,"column":8},"end":{"line":697,"column":82}},"244":{"start":{"line":699,"column":8},"end":{"line":699,"column":24868}},"245":{"start":{"line":700,"column":12},"end":{"line":700,"column":54}},"246":{"start":{"line":703,"column":8},"end":{"line":703,"column":24968}},"247":{"start":{"line":718,"column":8},"end":{"line":718,"column":60}},"248":{"start":{"line":719,"column":8},"end":{"line":719,"column":33}},"249":{"start":{"line":723,"column":8},"end":{"line":723,"column":55}},"250":{"start":{"line":745,"column":8},"end":{"line":745,"column":44}},"251":{"start":{"line":747,"column":8},"end":{"line":747,"column":27}},"252":{"start":{"line":748,"column":8},"end":{"line":748,"column":53}},"253":{"start":{"line":749,"column":8},"end":{"line":749,"column":26948}},"254":{"start":{"line":760,"column":8},"end":{"line":760,"column":33}},"255":{"start":{"line":764,"column":8},"end":{"line":764,"column":44}},"256":{"start":{"line":766,"column":8},"end":{"line":766,"column":27}},"257":{"start":{"line":767,"column":8},"end":{"line":767,"column":47}},"258":{"start":{"line":768,"column":8},"end":{"line":768,"column":27511}},"259":{"start":{"line":779,"column":8},"end":{"line":779,"column":33}},"260":{"start":{"line":783,"column":8},"end":{"line":783,"column":44}},"261":{"start":{"line":784,"column":8},"end":{"line":784,"column":27}},"262":{"start":{"line":785,"column":8},"end":{"line":785,"column":76}},"263":{"start":{"line":793,"column":8},"end":{"line":793,"column":33}},"264":{"start":{"line":797,"column":8},"end":{"line":797,"column":27}},"265":{"start":{"line":798,"column":8},"end":{"line":798,"column":50}},"266":{"start":{"line":799,"column":8},"end":{"line":799,"column":28437}},"267":{"start":{"line":809,"column":8},"end":{"line":809,"column":28714}},"268":{"start":{"line":814,"column":8},"end":{"line":814,"column":33}},"269":{"start":{"line":818,"column":8},"end":{"line":818,"column":27}},"270":{"start":{"line":820,"column":8},"end":{"line":820,"column":55}},"271":{"start":{"line":821,"column":8},"end":{"line":821,"column":29054}},"272":{"start":{"line":822,"column":12},"end":{"line":822,"column":20}},"273":{"start":{"line":825,"column":8},"end":{"line":825,"column":29141}},"274":{"start":{"line":828,"column":12},"end":{"line":828,"column":29311}},"275":{"start":{"line":831,"column":12},"end":{"line":831,"column":37}},"276":{"start":{"line":835,"column":8},"end":{"line":835,"column":29494}},"277":{"start":{"line":836,"column":12},"end":{"line":836,"column":51}},"278":{"start":{"line":845,"column":8},"end":{"line":845,"column":29774}},"279":{"start":{"line":849,"column":8},"end":{"line":849,"column":51}},"280":{"start":{"line":853,"column":8},"end":{"line":853,"column":29966}},"281":{"start":{"line":854,"column":12},"end":{"line":854,"column":18}},"282":{"start":{"line":858,"column":8},"end":{"line":858,"column":35}},"283":{"start":{"line":862,"column":8},"end":{"line":862,"column":77}},"284":{"start":{"line":863,"column":8},"end":{"line":863,"column":83}},"285":{"start":{"line":864,"column":8},"end":{"line":864,"column":65}},"286":{"start":{"line":868,"column":8},"end":{"line":868,"column":44}},"287":{"start":{"line":869,"column":8},"end":{"line":869,"column":82}},"288":{"start":{"line":870,"column":8},"end":{"line":870,"column":92}},"289":{"start":{"line":880,"column":8},"end":{"line":880,"column":49}},"290":{"start":{"line":881,"column":8},"end":{"line":881,"column":62}},"291":{"start":{"line":882,"column":8},"end":{"line":882,"column":87}},"292":{"start":{"line":884,"column":8},"end":{"line":884,"column":77}},"293":{"start":{"line":885,"column":8},"end":{"line":885,"column":56}},"294":{"start":{"line":886,"column":8},"end":{"line":886,"column":105}},"295":{"start":{"line":890,"column":8},"end":{"line":890,"column":31534}},"296":{"start":{"line":891,"column":12},"end":{"line":891,"column":31592}},"297":{"start":{"line":892,"column":16},"end":{"line":892,"column":24}},"298":{"start":{"line":896,"column":8},"end":{"line":896,"column":33}},"299":{"start":{"line":900,"column":8},"end":{"line":900,"column":52}},"300":{"start":{"line":900,"column":30},"end":{"line":900,"column":52}},"301":{"start":{"line":901,"column":8},"end":{"line":901,"column":52}},"302":{"start":{"line":901,"column":30},"end":{"line":901,"column":52}},"303":{"start":{"line":902,"column":8},"end":{"line":902,"column":52}},"304":{"start":{"line":902,"column":30},"end":{"line":902,"column":52}},"305":{"start":{"line":903,"column":8},"end":{"line":903,"column":52}},"306":{"start":{"line":903,"column":30},"end":{"line":903,"column":52}},"307":{"start":{"line":904,"column":8},"end":{"line":904,"column":52}},"308":{"start":{"line":904,"column":30},"end":{"line":904,"column":52}},"309":{"start":{"line":905,"column":8},"end":{"line":905,"column":54}},"310":{"start":{"line":905,"column":31},"end":{"line":905,"column":54}},"311":{"start":{"line":910,"column":8},"end":{"line":910,"column":58}},"312":{"start":{"line":910,"column":40},"end":{"line":910,"column":58}},"313":{"start":{"line":911,"column":8},"end":{"line":911,"column":58}},"314":{"start":{"line":911,"column":40},"end":{"line":911,"column":58}},"315":{"start":{"line":912,"column":8},"end":{"line":912,"column":58}},"316":{"start":{"line":912,"column":40},"end":{"line":912,"column":58}},"317":{"start":{"line":913,"column":8},"end":{"line":913,"column":58}},"318":{"start":{"line":913,"column":40},"end":{"line":913,"column":58}},"319":{"start":{"line":914,"column":8},"end":{"line":914,"column":58}},"320":{"start":{"line":914,"column":40},"end":{"line":914,"column":58}},"321":{"start":{"line":915,"column":8},"end":{"line":915,"column":60}},"322":{"start":{"line":915,"column":41},"end":{"line":915,"column":60}},"323":{"start":{"line":924,"column":8},"end":{"line":924,"column":56}},"324":{"start":{"line":924,"column":39},"end":{"line":924,"column":56}},"325":{"start":{"line":925,"column":8},"end":{"line":925,"column":56}},"326":{"start":{"line":925,"column":39},"end":{"line":925,"column":56}},"327":{"start":{"line":926,"column":8},"end":{"line":926,"column":56}},"328":{"start":{"line":926,"column":39},"end":{"line":926,"column":56}},"329":{"start":{"line":927,"column":8},"end":{"line":927,"column":58}},"330":{"start":{"line":927,"column":40},"end":{"line":927,"column":58}},"331":{"start":{"line":932,"column":8},"end":{"line":932,"column":59}},"332":{"start":{"line":932,"column":38},"end":{"line":932,"column":59}},"333":{"start":{"line":933,"column":8},"end":{"line":933,"column":58}},"334":{"start":{"line":933,"column":38},"end":{"line":933,"column":58}},"335":{"start":{"line":934,"column":8},"end":{"line":934,"column":66}},"336":{"start":{"line":934,"column":42},"end":{"line":934,"column":66}},"337":{"start":{"line":935,"column":8},"end":{"line":935,"column":62}},"338":{"start":{"line":935,"column":40},"end":{"line":935,"column":62}},"339":{"start":{"line":936,"column":8},"end":{"line":936,"column":62}},"340":{"start":{"line":936,"column":40},"end":{"line":936,"column":62}},"341":{"start":{"line":937,"column":8},"end":{"line":937,"column":53}},"342":{"start":{"line":937,"column":35},"end":{"line":937,"column":53}},"343":{"start":{"line":938,"column":8},"end":{"line":938,"column":61}},"344":{"start":{"line":938,"column":39},"end":{"line":938,"column":61}},"345":{"start":{"line":939,"column":8},"end":{"line":939,"column":57}},"346":{"start":{"line":939,"column":37},"end":{"line":939,"column":57}},"347":{"start":{"line":944,"column":8},"end":{"line":944,"column":33910}},"348":{"start":{"line":946,"column":12},"end":{"line":946,"column":18}},"349":{"start":{"line":948,"column":8},"end":{"line":948,"column":34017}},"350":{"start":{"line":950,"column":12},"end":{"line":950,"column":18}},"351":{"start":{"line":952,"column":8},"end":{"line":952,"column":34123}},"352":{"start":{"line":954,"column":12},"end":{"line":954,"column":18}},"353":{"start":{"line":956,"column":8},"end":{"line":956,"column":34237}},"354":{"start":{"line":958,"column":12},"end":{"line":958,"column":18}},"355":{"start":{"line":960,"column":8},"end":{"line":960,"column":34347}},"356":{"start":{"line":962,"column":12},"end":{"line":962,"column":18}},"357":{"start":{"line":964,"column":8},"end":{"line":964,"column":34457}},"358":{"start":{"line":966,"column":12},"end":{"line":966,"column":18}},"359":{"start":{"line":968,"column":8},"end":{"line":968,"column":34558}},"360":{"start":{"line":970,"column":12},"end":{"line":970,"column":18}},"361":{"start":{"line":972,"column":8},"end":{"line":972,"column":34667}},"362":{"start":{"line":974,"column":12},"end":{"line":974,"column":18}},"363":{"start":{"line":980,"column":8},"end":{"line":980,"column":63}},"364":{"start":{"line":984,"column":8},"end":{"line":984,"column":35054}},"365":{"start":{"line":985,"column":12},"end":{"line":985,"column":24}},"366":{"start":{"line":988,"column":8},"end":{"line":988,"column":84}},"367":{"start":{"line":992,"column":8},"end":{"line":992,"column":56}},"368":{"start":{"line":996,"column":8},"end":{"line":996,"column":84}},"369":{"start":{"line":1000,"column":8},"end":{"line":1000,"column":35679}},"370":{"start":{"line":1001,"column":12},"end":{"line":1001,"column":20}},"371":{"start":{"line":1004,"column":8},"end":{"line":1004,"column":94}},"372":{"start":{"line":1005,"column":8},"end":{"line":1005,"column":35835}},"373":{"start":{"line":1006,"column":12},"end":{"line":1006,"column":20}},"374":{"start":{"line":1009,"column":8},"end":{"line":1009,"column":49}},"375":{"start":{"line":1013,"column":8},"end":{"line":1013,"column":36090}},"376":{"start":{"line":1014,"column":12},"end":{"line":1014,"column":20}},"377":{"start":{"line":1017,"column":8},"end":{"line":1017,"column":47}},"378":{"start":{"line":1019,"column":8},"end":{"line":1019,"column":36230}},"379":{"start":{"line":1022,"column":8},"end":{"line":1022,"column":36326}},"380":{"start":{"line":1025,"column":8},"end":{"line":1025,"column":36418}},"381":{"start":{"line":1026,"column":12},"end":{"line":1026,"column":20}},"382":{"start":{"line":1036,"column":8},"end":{"line":1036,"column":36781}},"383":{"start":{"line":1037,"column":12},"end":{"line":1037,"column":20}},"384":{"start":{"line":1040,"column":8},"end":{"line":1040,"column":47}},"385":{"start":{"line":1042,"column":8},"end":{"line":1042,"column":36921}},"386":{"start":{"line":1045,"column":8},"end":{"line":1045,"column":37017}},"387":{"start":{"line":1048,"column":8},"end":{"line":1048,"column":37109}},"388":{"start":{"line":1049,"column":12},"end":{"line":1049,"column":20}},"389":{"start":{"line":1058,"column":8},"end":{"line":1058,"column":50}},"390":{"start":{"line":1059,"column":8},"end":{"line":1059,"column":48}},"391":{"start":{"line":1060,"column":8},"end":{"line":1060,"column":37520}},"392":{"start":{"line":1065,"column":8},"end":{"line":1065,"column":37654}},"393":{"start":{"line":1070,"column":8},"end":{"line":1070,"column":37780}},"394":{"start":{"line":1076,"column":8},"end":{"line":1076,"column":37937}},"395":{"start":{"line":1083,"column":8},"end":{"line":1083,"column":28}},"396":{"start":{"line":1084,"column":8},"end":{"line":1084,"column":25}},"397":{"start":{"line":1085,"column":8},"end":{"line":1085,"column":27}},"398":{"start":{"line":1086,"column":8},"end":{"line":1086,"column":59}},"399":{"start":{"line":1088,"column":8},"end":{"line":1088,"column":38278}},"400":{"start":{"line":1089,"column":12},"end":{"line":1089,"column":47}},"401":{"start":{"line":1095,"column":8},"end":{"line":1095,"column":45}},"402":{"start":{"line":1096,"column":8},"end":{"line":1096,"column":39}},"403":{"start":{"line":1097,"column":8},"end":{"line":1097,"column":43}},"404":{"start":{"line":1098,"column":8},"end":{"line":1098,"column":114}},"405":{"start":{"line":1102,"column":8},"end":{"line":1102,"column":38849}},"406":{"start":{"line":1103,"column":12},"end":{"line":1103,"column":29}},"407":{"start":{"line":1108,"column":8},"end":{"line":1108,"column":51}},"408":{"start":{"line":1109,"column":8},"end":{"line":1109,"column":39075}},"409":{"start":{"line":1110,"column":12},"end":{"line":1110,"column":18}},"410":{"start":{"line":1114,"column":8},"end":{"line":1114,"column":39185}},"411":{"start":{"line":1118,"column":8},"end":{"line":1118,"column":55}},"412":{"start":{"line":1119,"column":8},"end":{"line":1119,"column":40}},"413":{"start":{"line":1121,"column":8},"end":{"line":1121,"column":39372}},"414":{"start":{"line":1123,"column":12},"end":{"line":1123,"column":39521}},"415":{"start":{"line":1126,"column":12},"end":{"line":1126,"column":41}},"416":{"start":{"line":1127,"column":12},"end":{"line":1127,"column":37}},"417":{"start":{"line":1128,"column":12},"end":{"line":1128,"column":18}},"418":{"start":{"line":1131,"column":8},"end":{"line":1131,"column":39798}},"419":{"start":{"line":1135,"column":12},"end":{"line":1135,"column":41}},"420":{"start":{"line":1136,"column":12},"end":{"line":1136,"column":57}},"421":{"start":{"line":1137,"column":12},"end":{"line":1137,"column":37}},"422":{"start":{"line":1138,"column":12},"end":{"line":1138,"column":18}},"423":{"start":{"line":1141,"column":8},"end":{"line":1141,"column":43}},"424":{"start":{"line":1142,"column":8},"end":{"line":1142,"column":48}},"425":{"start":{"line":1143,"column":8},"end":{"line":1143,"column":55}},"426":{"start":{"line":1144,"column":8},"end":{"line":1144,"column":31}},"427":{"start":{"line":1146,"column":8},"end":{"line":1146,"column":35}},"428":{"start":{"line":1147,"column":8},"end":{"line":1147,"column":30}},"429":{"start":{"line":1148,"column":8},"end":{"line":1148,"column":22}},"430":{"start":{"line":1150,"column":8},"end":{"line":1150,"column":52}},"431":{"start":{"line":1151,"column":8},"end":{"line":1151,"column":40541}},"432":{"start":{"line":1152,"column":12},"end":{"line":1152,"column":40585}},"433":{"start":{"line":1153,"column":16},"end":{"line":1153,"column":40628}},"434":{"start":{"line":1157,"column":23},"end":{"line":1157,"column":40837}},"435":{"start":{"line":1161,"column":19},"end":{"line":1161,"column":41016}},"436":{"start":{"line":1166,"column":19},"end":{"line":1166,"column":41325}},"437":{"start":{"line":1172,"column":8},"end":{"line":1172,"column":52}},"438":{"start":{"line":1173,"column":8},"end":{"line":1173,"column":41543}},"439":{"start":{"line":1174,"column":12},"end":{"line":1174,"column":41587}},"440":{"start":{"line":1175,"column":16},"end":{"line":1175,"column":41630}},"441":{"start":{"line":1179,"column":23},"end":{"line":1179,"column":41838}},"442":{"start":{"line":1183,"column":19},"end":{"line":1183,"column":42005}},"443":{"start":{"line":1188,"column":19},"end":{"line":1188,"column":42305}},"444":{"start":{"line":1194,"column":8},"end":{"line":1194,"column":42478}},"445":{"start":{"line":1195,"column":12},"end":{"line":1195,"column":54}},"446":{"start":{"line":1196,"column":12},"end":{"line":1196,"column":42605}},"447":{"start":{"line":1197,"column":16},"end":{"line":1197,"column":42652}},"448":{"start":{"line":1198,"column":20},"end":{"line":1198,"column":42702}},"449":{"start":{"line":1202,"column":27},"end":{"line":1202,"column":42924}},"450":{"start":{"line":1208,"column":23},"end":{"line":1208,"column":43191}},"451":{"start":{"line":1213,"column":23},"end":{"line":1213,"column":43516}},"452":{"start":{"line":1219,"column":12},"end":{"line":1219,"column":62}},"453":{"start":{"line":1220,"column":12},"end":{"line":1220,"column":43761}},"454":{"start":{"line":1221,"column":16},"end":{"line":1221,"column":43812}},"455":{"start":{"line":1222,"column":20},"end":{"line":1222,"column":43866}},"456":{"start":{"line":1226,"column":27},"end":{"line":1226,"column":44099}},"457":{"start":{"line":1229,"column":27},"end":{"line":1229,"column":44274}},"458":{"start":{"line":1232,"column":23},"end":{"line":1232,"column":44381}},"459":{"start":{"line":1237,"column":23},"end":{"line":1237,"column":44723}},"460":{"start":{"line":1244,"column":8},"end":{"line":1244,"column":44934}},"461":{"start":{"line":1245,"column":12},"end":{"line":1245,"column":44989}},"462":{"start":{"line":1248,"column":19},"end":{"line":1248,"column":45130}},"463":{"start":{"line":1253,"column":8},"end":{"line":1253,"column":45295}},"464":{"start":{"line":1254,"column":12},"end":{"line":1254,"column":45350}},"465":{"start":{"line":1257,"column":19},"end":{"line":1257,"column":45491}},"466":{"start":{"line":1262,"column":8},"end":{"line":1262,"column":45656}},"467":{"start":{"line":1263,"column":12},"end":{"line":1263,"column":45711}},"468":{"start":{"line":1266,"column":19},"end":{"line":1266,"column":45852}},"469":{"start":{"line":1271,"column":8},"end":{"line":1271,"column":46017}},"470":{"start":{"line":1272,"column":12},"end":{"line":1272,"column":46072}},"471":{"start":{"line":1275,"column":19},"end":{"line":1275,"column":46213}},"472":{"start":{"line":1280,"column":8},"end":{"line":1280,"column":46378}},"473":{"start":{"line":1281,"column":12},"end":{"line":1281,"column":46433}},"474":{"start":{"line":1284,"column":19},"end":{"line":1284,"column":46574}},"475":{"start":{"line":1289,"column":8},"end":{"line":1289,"column":46739}},"476":{"start":{"line":1290,"column":12},"end":{"line":1290,"column":46795}},"477":{"start":{"line":1293,"column":19},"end":{"line":1293,"column":46938}},"478":{"start":{"line":1298,"column":8},"end":{"line":1298,"column":47108}},"479":{"start":{"line":1299,"column":12},"end":{"line":1299,"column":47162}},"480":{"start":{"line":1302,"column":19},"end":{"line":1302,"column":47335}},"481":{"start":{"line":1309,"column":8},"end":{"line":1309,"column":47596}},"482":{"start":{"line":1310,"column":12},"end":{"line":1310,"column":47650}},"483":{"start":{"line":1313,"column":19},"end":{"line":1313,"column":47823}},"484":{"start":{"line":1320,"column":8},"end":{"line":1320,"column":48084}},"485":{"start":{"line":1321,"column":12},"end":{"line":1321,"column":48138}},"486":{"start":{"line":1324,"column":19},"end":{"line":1324,"column":48311}},"487":{"start":{"line":1331,"column":8},"end":{"line":1331,"column":48572}},"488":{"start":{"line":1332,"column":12},"end":{"line":1332,"column":48627}},"489":{"start":{"line":1335,"column":19},"end":{"line":1335,"column":48803}},"490":{"start":{"line":1342,"column":8},"end":{"line":1342,"column":49070}},"491":{"start":{"line":1343,"column":12},"end":{"line":1343,"column":56}},"492":{"start":{"line":1346,"column":12},"end":{"line":1346,"column":49228}},"493":{"start":{"line":1348,"column":19},"end":{"line":1348,"column":49345}},"494":{"start":{"line":1358,"column":8},"end":{"line":1358,"column":49665}},"495":{"start":{"line":1359,"column":12},"end":{"line":1359,"column":55}},"496":{"start":{"line":1360,"column":12},"end":{"line":1360,"column":49777}},"497":{"start":{"line":1369,"column":8},"end":{"line":1369,"column":50045}},"498":{"start":{"line":1370,"column":12},"end":{"line":1370,"column":59}},"499":{"start":{"line":1371,"column":12},"end":{"line":1371,"column":50165}},"500":{"start":{"line":1380,"column":8},"end":{"line":1380,"column":50466}},"501":{"start":{"line":1381,"column":12},"end":{"line":1381,"column":57}},"502":{"start":{"line":1382,"column":12},"end":{"line":1382,"column":50582}},"503":{"start":{"line":1391,"column":8},"end":{"line":1391,"column":50854}},"504":{"start":{"line":1392,"column":12},"end":{"line":1392,"column":57}},"505":{"start":{"line":1393,"column":12},"end":{"line":1393,"column":50970}},"506":{"start":{"line":1402,"column":8},"end":{"line":1402,"column":51242}},"507":{"start":{"line":1403,"column":12},"end":{"line":1403,"column":53}},"508":{"start":{"line":1404,"column":12},"end":{"line":1404,"column":51350}},"509":{"start":{"line":1413,"column":8},"end":{"line":1413,"column":51614}},"510":{"start":{"line":1414,"column":12},"end":{"line":1414,"column":57}},"511":{"start":{"line":1415,"column":12},"end":{"line":1415,"column":51730}},"512":{"start":{"line":1424,"column":8},"end":{"line":1424,"column":52002}},"513":{"start":{"line":1425,"column":12},"end":{"line":1425,"column":55}},"514":{"start":{"line":1426,"column":12},"end":{"line":1426,"column":52114}},"515":{"start":{"line":1435,"column":8},"end":{"line":1435,"column":62}},"516":{"start":{"line":1436,"column":8},"end":{"line":1436,"column":56}},"517":{"start":{"line":1437,"column":8},"end":{"line":1437,"column":66}},"518":{"start":{"line":1439,"column":8},"end":{"line":1439,"column":52612}},"519":{"start":{"line":1440,"column":12},"end":{"line":1440,"column":52651}},"520":{"start":{"line":1443,"column":16},"end":{"line":1443,"column":52787}},"521":{"start":{"line":1446,"column":16},"end":{"line":1446,"column":52917}},"522":{"start":{"line":1453,"column":15},"end":{"line":1453,"column":53163}},"523":{"start":{"line":1459,"column":12},"end":{"line":1459,"column":53403}},"524":{"start":{"line":1462,"column":12},"end":{"line":1462,"column":53528}},"525":{"start":{"line":1470,"column":8},"end":{"line":1470,"column":70}},"526":{"start":{"line":1471,"column":8},"end":{"line":1471,"column":33}}},"branchMap":{"1":{"line":76,"type":"if","locations":[{"start":{"line":76,"column":8},"end":{"line":76,"column":8}},{"start":{"line":76,"column":8},"end":{"line":76,"column":8}}]},"2":{"line":87,"type":"if","locations":[{"start":{"line":87,"column":8},"end":{"line":87,"column":8}},{"start":{"line":87,"column":8},"end":{"line":87,"column":8}}]},"3":{"line":115,"type":"if","locations":[{"start":{"line":115,"column":55},"end":{"line":115,"column":55}},{"start":{"line":115,"column":55},"end":{"line":115,"column":55}}]},"4":{"line":115,"type":"if","locations":[{"start":{"line":115,"column":69},"end":{"line":115,"column":69}},{"start":{"line":115,"column":69},"end":{"line":115,"column":69}}]},"5":{"line":115,"type":"if","locations":[{"start":{"line":115,"column":81},"end":{"line":115,"column":81}},{"start":{"line":115,"column":81},"end":{"line":115,"column":81}}]},"6":{"line":116,"type":"if","locations":[{"start":{"line":116,"column":8},"end":{"line":116,"column":8}},{"start":{"line":116,"column":8},"end":{"line":116,"column":8}}]},"7":{"line":132,"type":"if","locations":[{"start":{"line":132,"column":56},"end":{"line":132,"column":56}},{"start":{"line":132,"column":56},"end":{"line":132,"column":56}}]},"8":{"line":133,"type":"if","locations":[{"start":{"line":133,"column":8},"end":{"line":133,"column":8}},{"start":{"line":133,"column":8},"end":{"line":133,"column":8}}]},"9":{"line":137,"type":"if","locations":[{"start":{"line":137,"column":8},"end":{"line":137,"column":8}},{"start":{"line":137,"column":8},"end":{"line":137,"column":8}}]},"10":{"line":152,"type":"if","locations":[{"start":{"line":152,"column":56},"end":{"line":152,"column":56}},{"start":{"line":152,"column":56},"end":{"line":152,"column":56}}]},"11":{"line":152,"type":"if","locations":[{"start":{"line":152,"column":66},"end":{"line":152,"column":66}},{"start":{"line":152,"column":66},"end":{"line":152,"column":66}}]},"12":{"line":154,"type":"if","locations":[{"start":{"line":154,"column":8},"end":{"line":154,"column":8}},{"start":{"line":154,"column":8},"end":{"line":154,"column":8}}]},"13":{"line":163,"type":"if","locations":[{"start":{"line":163,"column":60},"end":{"line":163,"column":60}},{"start":{"line":163,"column":60},"end":{"line":163,"column":60}}]},"14":{"line":163,"type":"if","locations":[{"start":{"line":163,"column":70},"end":{"line":163,"column":70}},{"start":{"line":163,"column":70},"end":{"line":163,"column":70}}]},"15":{"line":164,"type":"if","locations":[{"start":{"line":164,"column":8},"end":{"line":164,"column":8}},{"start":{"line":164,"column":8},"end":{"line":164,"column":8}}]},"16":{"line":173,"type":"if","locations":[{"start":{"line":173,"column":64},"end":{"line":173,"column":64}},{"start":{"line":173,"column":64},"end":{"line":173,"column":64}}]},"17":{"line":173,"type":"if","locations":[{"start":{"line":173,"column":74},"end":{"line":173,"column":74}},{"start":{"line":173,"column":74},"end":{"line":173,"column":74}}]},"18":{"line":173,"type":"if","locations":[{"start":{"line":173,"column":85},"end":{"line":173,"column":85}},{"start":{"line":173,"column":85},"end":{"line":173,"column":85}}]},"19":{"line":174,"type":"if","locations":[{"start":{"line":174,"column":8},"end":{"line":174,"column":8}},{"start":{"line":174,"column":8},"end":{"line":174,"column":8}}]},"20":{"line":175,"type":"if","locations":[{"start":{"line":175,"column":8},"end":{"line":175,"column":8}},{"start":{"line":175,"column":8},"end":{"line":175,"column":8}}]},"21":{"line":176,"type":"if","locations":[{"start":{"line":176,"column":8},"end":{"line":176,"column":8}},{"start":{"line":176,"column":8},"end":{"line":176,"column":8}}]},"22":{"line":188,"type":"if","locations":[{"start":{"line":188,"column":30},"end":{"line":188,"column":30}},{"start":{"line":188,"column":30},"end":{"line":188,"column":30}}]},"23":{"line":192,"type":"if","locations":[{"start":{"line":192,"column":32},"end":{"line":192,"column":32}},{"start":{"line":192,"column":32},"end":{"line":192,"column":32}}]},"24":{"line":196,"type":"if","locations":[{"start":{"line":196,"column":45},"end":{"line":196,"column":45}},{"start":{"line":196,"column":45},"end":{"line":196,"column":45}}]},"25":{"line":196,"type":"if","locations":[{"start":{"line":196,"column":59},"end":{"line":196,"column":59}},{"start":{"line":196,"column":59},"end":{"line":196,"column":59}}]},"26":{"line":196,"type":"if","locations":[{"start":{"line":196,"column":71},"end":{"line":196,"column":71}},{"start":{"line":196,"column":71},"end":{"line":196,"column":71}}]},"27":{"line":200,"type":"if","locations":[{"start":{"line":200,"column":8},"end":{"line":200,"column":8}},{"start":{"line":200,"column":8},"end":{"line":200,"column":8}}]},"28":{"line":213,"type":"if","locations":[{"start":{"line":213,"column":46},"end":{"line":213,"column":46}},{"start":{"line":213,"column":46},"end":{"line":213,"column":46}}]},"29":{"line":217,"type":"if","locations":[{"start":{"line":217,"column":8},"end":{"line":217,"column":8}},{"start":{"line":217,"column":8},"end":{"line":217,"column":8}}]},"30":{"line":218,"type":"if","locations":[{"start":{"line":218,"column":8},"end":{"line":218,"column":8}},{"start":{"line":218,"column":8},"end":{"line":218,"column":8}}]},"31":{"line":221,"type":"if","locations":[{"start":{"line":221,"column":8},"end":{"line":221,"column":8}},{"start":{"line":221,"column":8},"end":{"line":221,"column":8}}]},"32":{"line":231,"type":"if","locations":[{"start":{"line":231,"column":8},"end":{"line":231,"column":8}},{"start":{"line":231,"column":8},"end":{"line":231,"column":8}}]},"33":{"line":239,"type":"if","locations":[{"start":{"line":239,"column":61},"end":{"line":239,"column":61}},{"start":{"line":239,"column":61},"end":{"line":239,"column":61}}]},"34":{"line":241,"type":"if","locations":[{"start":{"line":241,"column":8},"end":{"line":241,"column":8}},{"start":{"line":241,"column":8},"end":{"line":241,"column":8}}]},"35":{"line":242,"type":"if","locations":[{"start":{"line":242,"column":8},"end":{"line":242,"column":8}},{"start":{"line":242,"column":8},"end":{"line":242,"column":8}}]},"36":{"line":248,"type":"if","locations":[{"start":{"line":248,"column":45},"end":{"line":248,"column":45}},{"start":{"line":248,"column":45},"end":{"line":248,"column":45}}]},"37":{"line":260,"type":"if","locations":[{"start":{"line":260,"column":8},"end":{"line":260,"column":8}},{"start":{"line":260,"column":8},"end":{"line":260,"column":8}}]},"38":{"line":269,"type":"if","locations":[{"start":{"line":269,"column":8},"end":{"line":269,"column":8}},{"start":{"line":269,"column":8},"end":{"line":269,"column":8}}]},"39":{"line":272,"type":"if","locations":[{"start":{"line":272,"column":8},"end":{"line":272,"column":8}},{"start":{"line":272,"column":8},"end":{"line":272,"column":8}}]},"40":{"line":272,"type":"cond-expr","locations":[{"start":{"line":272,"column":12},"end":{"line":272,"column":26}},{"start":{"line":272,"column":31},"end":{"line":272,"column":58}}]},"41":{"line":280,"type":"if","locations":[{"start":{"line":280,"column":63},"end":{"line":280,"column":63}},{"start":{"line":280,"column":63},"end":{"line":280,"column":63}}]},"42":{"line":280,"type":"if","locations":[{"start":{"line":280,"column":73},"end":{"line":280,"column":73}},{"start":{"line":280,"column":73},"end":{"line":280,"column":73}}]},"43":{"line":290,"type":"if","locations":[{"start":{"line":290,"column":65},"end":{"line":290,"column":65}},{"start":{"line":290,"column":65},"end":{"line":290,"column":65}}]},"44":{"line":296,"type":"if","locations":[{"start":{"line":296,"column":73},"end":{"line":296,"column":73}},{"start":{"line":296,"column":73},"end":{"line":296,"column":73}}]},"45":{"line":296,"type":"if","locations":[{"start":{"line":296,"column":87},"end":{"line":296,"column":87}},{"start":{"line":296,"column":87},"end":{"line":296,"column":87}}]},"46":{"line":296,"type":"if","locations":[{"start":{"line":296,"column":99},"end":{"line":296,"column":99}},{"start":{"line":296,"column":99},"end":{"line":296,"column":99}}]},"47":{"line":304,"type":"if","locations":[{"start":{"line":304,"column":8},"end":{"line":304,"column":8}},{"start":{"line":304,"column":8},"end":{"line":304,"column":8}}]},"48":{"line":305,"type":"if","locations":[{"start":{"line":305,"column":12},"end":{"line":305,"column":12}},{"start":{"line":305,"column":12},"end":{"line":305,"column":12}}]},"49":{"line":307,"type":"if","locations":[{"start":{"line":307,"column":12},"end":{"line":307,"column":12}},{"start":{"line":307,"column":12},"end":{"line":307,"column":12}}]},"50":{"line":318,"type":"if","locations":[{"start":{"line":318,"column":8},"end":{"line":318,"column":8}},{"start":{"line":318,"column":8},"end":{"line":318,"column":8}}]},"51":{"line":319,"type":"if","locations":[{"start":{"line":319,"column":12},"end":{"line":319,"column":12}},{"start":{"line":319,"column":12},"end":{"line":319,"column":12}}]},"52":{"line":321,"type":"if","locations":[{"start":{"line":321,"column":12},"end":{"line":321,"column":12}},{"start":{"line":321,"column":12},"end":{"line":321,"column":12}}]},"53":{"line":332,"type":"if","locations":[{"start":{"line":332,"column":8},"end":{"line":332,"column":8}},{"start":{"line":332,"column":8},"end":{"line":332,"column":8}}]},"54":{"line":333,"type":"if","locations":[{"start":{"line":333,"column":12},"end":{"line":333,"column":12}},{"start":{"line":333,"column":12},"end":{"line":333,"column":12}}]},"55":{"line":334,"type":"if","locations":[{"start":{"line":334,"column":12},"end":{"line":334,"column":12}},{"start":{"line":334,"column":12},"end":{"line":334,"column":12}}]},"56":{"line":351,"type":"if","locations":[{"start":{"line":351,"column":8},"end":{"line":351,"column":8}},{"start":{"line":351,"column":8},"end":{"line":351,"column":8}}]},"57":{"line":352,"type":"if","locations":[{"start":{"line":352,"column":12},"end":{"line":352,"column":12}},{"start":{"line":352,"column":12},"end":{"line":352,"column":12}}]},"58":{"line":353,"type":"if","locations":[{"start":{"line":353,"column":12},"end":{"line":353,"column":12}},{"start":{"line":353,"column":12},"end":{"line":353,"column":12}}]},"59":{"line":370,"type":"if","locations":[{"start":{"line":370,"column":8},"end":{"line":370,"column":8}},{"start":{"line":370,"column":8},"end":{"line":370,"column":8}}]},"60":{"line":370,"type":"cond-expr","locations":[{"start":{"line":370,"column":12},"end":{"line":370,"column":34}},{"start":{"line":370,"column":39},"end":{"line":370,"column":66}}]},"61":{"line":371,"type":"if","locations":[{"start":{"line":371,"column":12},"end":{"line":371,"column":12}},{"start":{"line":371,"column":12},"end":{"line":371,"column":12}}]},"62":{"line":375,"type":"if","locations":[{"start":{"line":375,"column":12},"end":{"line":375,"column":12}},{"start":{"line":375,"column":12},"end":{"line":375,"column":12}}]},"63":{"line":379,"type":"if","locations":[{"start":{"line":379,"column":12},"end":{"line":379,"column":12}},{"start":{"line":379,"column":12},"end":{"line":379,"column":12}}]},"64":{"line":393,"type":"if","locations":[{"start":{"line":393,"column":8},"end":{"line":393,"column":8}},{"start":{"line":393,"column":8},"end":{"line":393,"column":8}}]},"65":{"line":394,"type":"cond-expr","locations":[{"start":{"line":394,"column":12},"end":{"line":394,"column":37}},{"start":{"line":395,"column":12},"end":{"line":395,"column":37}}]},"66":{"line":394,"type":"cond-expr","locations":[{"start":{"line":394,"column":12},"end":{"line":395,"column":37}},{"start":{"line":396,"column":12},"end":{"line":396,"column":37}}]},"67":{"line":394,"type":"cond-expr","locations":[{"start":{"line":394,"column":12},"end":{"line":396,"column":37}},{"start":{"line":397,"column":12},"end":{"line":397,"column":37}}]},"68":{"line":394,"type":"cond-expr","locations":[{"start":{"line":394,"column":12},"end":{"line":397,"column":37}},{"start":{"line":398,"column":12},"end":{"line":398,"column":37}}]},"69":{"line":394,"type":"cond-expr","locations":[{"start":{"line":394,"column":12},"end":{"line":398,"column":37}},{"start":{"line":399,"column":12},"end":{"line":399,"column":38}}]},"70":{"line":401,"type":"if","locations":[{"start":{"line":401,"column":12},"end":{"line":401,"column":12}},{"start":{"line":401,"column":12},"end":{"line":401,"column":12}}]},"71":{"line":403,"type":"cond-expr","locations":[{"start":{"line":403,"column":33},"end":{"line":403,"column":58}},{"start":{"line":403,"column":63},"end":{"line":403,"column":88}}]},"72":{"line":404,"type":"if","locations":[{"start":{"line":404,"column":18},"end":{"line":404,"column":34}},{"start":{"line":405,"column":18},"end":{"line":405,"column":30}}]},"73":{"line":406,"type":"cond-expr","locations":[{"start":{"line":406,"column":32},"end":{"line":406,"column":57}},{"start":{"line":406,"column":62},"end":{"line":406,"column":87}}]},"74":{"line":406,"type":"if","locations":[{"start":{"line":406,"column":92},"end":{"line":406,"column":92}},{"start":{"line":406,"column":96},"end":{"line":406,"column":96}}]},"75":{"line":414,"type":"if","locations":[{"start":{"line":414,"column":12},"end":{"line":414,"column":12}},{"start":{"line":414,"column":12},"end":{"line":414,"column":12}}]},"76":{"line":422,"type":"if","locations":[{"start":{"line":422,"column":8},"end":{"line":422,"column":8}},{"start":{"line":422,"column":8},"end":{"line":422,"column":8}}]},"77":{"line":433,"type":"if","locations":[{"start":{"line":433,"column":8},"end":{"line":433,"column":8}},{"start":{"line":433,"column":8},"end":{"line":433,"column":8}}]},"78":{"line":434,"type":"cond-expr","locations":[{"start":{"line":434,"column":12},"end":{"line":434,"column":36}},{"start":{"line":435,"column":12},"end":{"line":435,"column":36}}]},"79":{"line":434,"type":"cond-expr","locations":[{"start":{"line":434,"column":12},"end":{"line":435,"column":36}},{"start":{"line":436,"column":12},"end":{"line":436,"column":36}}]},"80":{"line":434,"type":"cond-expr","locations":[{"start":{"line":434,"column":12},"end":{"line":436,"column":36}},{"start":{"line":437,"column":12},"end":{"line":437,"column":37}}]},"81":{"line":450,"type":"if","locations":[{"start":{"line":450,"column":8},"end":{"line":450,"column":8}},{"start":{"line":450,"column":8},"end":{"line":450,"column":8}}]},"82":{"line":451,"type":"cond-expr","locations":[{"start":{"line":451,"column":12},"end":{"line":451,"column":35}},{"start":{"line":452,"column":12},"end":{"line":452,"column":39}}]},"83":{"line":451,"type":"cond-expr","locations":[{"start":{"line":451,"column":12},"end":{"line":452,"column":39}},{"start":{"line":453,"column":12},"end":{"line":453,"column":37}}]},"84":{"line":451,"type":"cond-expr","locations":[{"start":{"line":451,"column":12},"end":{"line":453,"column":37}},{"start":{"line":454,"column":12},"end":{"line":454,"column":37}}]},"85":{"line":451,"type":"cond-expr","locations":[{"start":{"line":451,"column":12},"end":{"line":454,"column":37}},{"start":{"line":455,"column":12},"end":{"line":455,"column":32}}]},"86":{"line":451,"type":"cond-expr","locations":[{"start":{"line":451,"column":12},"end":{"line":455,"column":32}},{"start":{"line":456,"column":12},"end":{"line":456,"column":36}}]},"87":{"line":451,"type":"cond-expr","locations":[{"start":{"line":451,"column":12},"end":{"line":456,"column":36}},{"start":{"line":457,"column":12},"end":{"line":457,"column":34}}]},"88":{"line":459,"type":"if","locations":[{"start":{"line":459,"column":58},"end":{"line":459,"column":69}},{"start":{"line":459,"column":73},"end":{"line":459,"column":84}}]},"89":{"line":460,"type":"if","locations":[{"start":{"line":460,"column":57},"end":{"line":460,"column":57}},{"start":{"line":460,"column":61},"end":{"line":460,"column":61}}]},"90":{"line":477,"type":"if","locations":[{"start":{"line":477,"column":8},"end":{"line":477,"column":8}},{"start":{"line":477,"column":8},"end":{"line":477,"column":8}}]},"91":{"line":478,"type":"if","locations":[{"start":{"line":478,"column":8},"end":{"line":478,"column":8}},{"start":{"line":478,"column":8},"end":{"line":478,"column":8}}]},"92":{"line":479,"type":"if","locations":[{"start":{"line":479,"column":8},"end":{"line":479,"column":8}},{"start":{"line":479,"column":8},"end":{"line":479,"column":8}}]},"93":{"line":486,"type":"if","locations":[{"start":{"line":486,"column":8},"end":{"line":486,"column":8}},{"start":{"line":486,"column":8},"end":{"line":486,"column":8}}]},"94":{"line":487,"type":"if","locations":[{"start":{"line":487,"column":8},"end":{"line":487,"column":8}},{"start":{"line":487,"column":8},"end":{"line":487,"column":8}}]},"95":{"line":489,"type":"if","locations":[{"start":{"line":489,"column":8},"end":{"line":489,"column":8}},{"start":{"line":489,"column":8},"end":{"line":489,"column":8}}]},"96":{"line":491,"type":"if","locations":[{"start":{"line":491,"column":12},"end":{"line":491,"column":12}},{"start":{"line":491,"column":12},"end":{"line":491,"column":12}}]},"97":{"line":491,"type":"cond-expr","locations":[{"start":{"line":491,"column":16},"end":{"line":491,"column":34}},{"start":{"line":491,"column":39},"end":{"line":491,"column":56}}]},"98":{"line":501,"type":"if","locations":[{"start":{"line":501,"column":8},"end":{"line":501,"column":8}},{"start":{"line":501,"column":8},"end":{"line":501,"column":8}}]},"99":{"line":503,"type":"if","locations":[{"start":{"line":503,"column":12},"end":{"line":503,"column":12}},{"start":{"line":503,"column":12},"end":{"line":503,"column":12}}]},"100":{"line":503,"type":"cond-expr","locations":[{"start":{"line":503,"column":16},"end":{"line":503,"column":38}},{"start":{"line":503,"column":43},"end":{"line":503,"column":64}}]},"101":{"line":516,"type":"if","locations":[{"start":{"line":516,"column":58},"end":{"line":516,"column":58}},{"start":{"line":516,"column":58},"end":{"line":516,"column":58}}]},"102":{"line":524,"type":"if","locations":[{"start":{"line":524,"column":8},"end":{"line":524,"column":8}},{"start":{"line":524,"column":8},"end":{"line":524,"column":8}}]},"103":{"line":526,"type":"if","locations":[{"start":{"line":526,"column":12},"end":{"line":526,"column":12}},{"start":{"line":526,"column":12},"end":{"line":526,"column":12}}]},"104":{"line":535,"type":"if","locations":[{"start":{"line":535,"column":8},"end":{"line":535,"column":8}},{"start":{"line":535,"column":8},"end":{"line":535,"column":8}}]},"105":{"line":537,"type":"if","locations":[{"start":{"line":537,"column":12},"end":{"line":537,"column":12}},{"start":{"line":537,"column":12},"end":{"line":537,"column":12}}]},"106":{"line":546,"type":"if","locations":[{"start":{"line":546,"column":8},"end":{"line":546,"column":8}},{"start":{"line":546,"column":8},"end":{"line":546,"column":8}}]},"107":{"line":548,"type":"if","locations":[{"start":{"line":548,"column":12},"end":{"line":548,"column":12}},{"start":{"line"
[...]
ne":43,"column":12},"end":{"line":43,"column":55}},"17":{"start":{"line":43,"column":42},"end":{"line":43,"column":55}},"18":{"start":{"line":44,"column":12},"end":{"line":44,"column":25}},"19":{"start":{"line":47,"column":8},"end":{"line":47,"column":1385}},"20":{"start":{"line":48,"column":12},"end":{"line":48,"column":25}},"21":{"start":{"line":50,"column":8},"end":{"line":50,"column":1517}},"22":{"start":{"line":51,"column":12},"end":{"line":51,"column":25}},"23":{"start":{"line":53,"column":8},"end":{"line":53,"column":1648}},"24":{"start":{"line":54,"column":12},"end":{"line":54,"column":25}},"25":{"start":{"line":57,"column":8},"end":{"line":57,"column":1780}},"26":{"start":{"line":58,"column":12},"end":{"line":58,"column":56}},"27":{"start":{"line":58,"column":43},"end":{"line":58,"column":56}},"28":{"start":{"line":59,"column":12},"end":{"line":59,"column":1897}},"29":{"start":{"line":60,"column":16},"end":{"line":60,"column":29}},"30":{"start":{"line":62,"column":12},"end":{"line":62,"column":25}},"31":{"start":{"line":65,"column":8},"end":{"line":65,"column":2060}},"32":{"start":{"line":66,"column":12},"end":{"line":66,"column":25}},"33":{"start":{"line":68,"column":8},"end":{"line":68,"column":2190}},"34":{"start":{"line":69,"column":12},"end":{"line":69,"column":25}},"35":{"start":{"line":72,"column":8},"end":{"line":72,"column":62}},"36":{"start":{"line":72,"column":49},"end":{"line":72,"column":62}},"37":{"start":{"line":73,"column":8},"end":{"line":73,"column":66}},"38":{"start":{"line":73,"column":53},"end":{"line":73,"column":66}},"39":{"start":{"line":74,"column":8},"end":{"line":74,"column":2452}},"40":{"start":{"line":75,"column":12},"end":{"line":75,"column":26}},"41":{"start":{"line":77,"column":8},"end":{"line":77,"column":2583}},"42":{"start":{"line":78,"column":12},"end":{"line":78,"column":26}},"43":{"start":{"line":80,"column":8},"end":{"line":80,"column":2710}},"44":{"start":{"line":81,"column":12},"end":{"line":81,"column":57}},"45":{"start":{"line":81,"column":43},"end":{"line":81,"column":57}},"46":{"start":{"line":82,"column":12},"end":{"line":82,"column":56}},"47":{"start":{"line":82,"column":43},"end":{"line":82,"column":56}},"48":{"start":{"line":83,"column":12},"end":{"line":83,"column":25}},"49":{"start":{"line":86,"column":8},"end":{"line":86,"column":21}},"50":{"start":{"line":131,"column":8},"end":{"line":131,"column":5438}},"51":{"start":{"line":164,"column":8},"end":{"line":164,"column":37}},"52":{"start":{"line":164,"column":29},"end":{"line":164,"column":37}},"53":{"start":{"line":166,"column":8},"end":{"line":166,"column":7637}},"54":{"start":{"line":167,"column":12},"end":{"line":167,"column":7700}},"55":{"start":{"line":168,"column":16},"end":{"line":168,"column":63}},"56":{"start":{"line":170,"column":12},"end":{"line":170,"column":20}},"57":{"start":{"line":173,"column":8},"end":{"line":173,"column":7895}},"58":{"start":{"line":174,"column":12},"end":{"line":174,"column":85}},"59":{"start":{"line":174,"column":38},"end":{"line":174,"column":85}},"60":{"start":{"line":175,"column":12},"end":{"line":175,"column":20}},"61":{"start":{"line":178,"column":8},"end":{"line":178,"column":69}},"62":{"start":{"line":178,"column":22},"end":{"line":178,"column":69}},"63":{"start":{"line":179,"column":8},"end":{"line":179,"column":16}},"64":{"start":{"line":188,"column":8},"end":{"line":188,"column":47}},"65":{"start":{"line":188,"column":39},"end":{"line":188,"column":47}},"66":{"start":{"line":190,"column":8},"end":{"line":190,"column":8355}},"67":{"start":{"line":194,"column":12},"end":{"line":194,"column":59}},"68":{"start":{"line":197,"column":8},"end":{"line":197,"column":16}},"69":{"start":{"line":205,"column":8},"end":{"line":205,"column":37}},"70":{"start":{"line":205,"column":29},"end":{"line":205,"column":37}},"71":{"start":{"line":207,"column":8},"end":{"line":207,"column":8809}},"72":{"start":{"line":208,"column":12},"end":{"line":208,"column":8847}},"73":{"start":{"line":209,"column":16},"end":{"line":209,"column":8886}},"74":{"start":{"line":210,"column":20},"end":{"line":210,"column":83}},"75":{"start":{"line":212,"column":16},"end":{"line":212,"column":24}},"76":{"start":{"line":215,"column":12},"end":{"line":215,"column":9067}},"77":{"start":{"line":216,"column":16},"end":{"line":216,"column":84}},"78":{"start":{"line":218,"column":12},"end":{"line":218,"column":20}},"79":{"start":{"line":221,"column":8},"end":{"line":221,"column":9232}},"80":{"start":{"line":222,"column":12},"end":{"line":222,"column":9267}},"81":{"start":{"line":223,"column":16},"end":{"line":223,"column":9388}},"82":{"start":{"line":226,"column":12},"end":{"line":226,"column":20}},"83":{"start":{"line":229,"column":8},"end":{"line":229,"column":9519}},"84":{"start":{"line":230,"column":12},"end":{"line":230,"column":9633}},"85":{"start":{"line":234,"column":8},"end":{"line":234,"column":16}},"86":{"start":{"line":243,"column":8},"end":{"line":243,"column":70}},"87":{"start":{"line":243,"column":62},"end":{"line":243,"column":70}},"88":{"start":{"line":244,"column":8},"end":{"line":244,"column":60}},"89":{"start":{"line":253,"column":8},"end":{"line":253,"column":33}},"90":{"start":{"line":253,"column":25},"end":{"line":253,"column":33}},"91":{"start":{"line":254,"column":8},"end":{"line":254,"column":10301}},"92":{"start":{"line":255,"column":12},"end":{"line":255,"column":60}},"93":{"start":{"line":257,"column":8},"end":{"line":257,"column":16}},"94":{"start":{"line":265,"column":8},"end":{"line":265,"column":33}},"95":{"start":{"line":265,"column":25},"end":{"line":265,"column":33}},"96":{"start":{"line":266,"column":8},"end":{"line":266,"column":53}},"97":{"start":{"line":274,"column":8},"end":{"line":274,"column":33}},"98":{"start":{"line":274,"column":25},"end":{"line":274,"column":33}},"99":{"start":{"line":275,"column":8},"end":{"line":275,"column":83}},"100":{"start":{"line":276,"column":8},"end":{"line":276,"column":49}},"101":{"start":{"line":280,"column":8},"end":{"line":280,"column":28}}},"branchMap":{"1":{"line":18,"type":"if","locations":[{"start":{"line":18,"column":8},"end":{"line":18,"column":8}},{"start":{"line":18,"column":8},"end":{"line":18,"column":8}}]},"2":{"line":19,"type":"cond-expr","locations":[{"start":{"line":19,"column":12},"end":{"line":19,"column":50}},{"start":{"line":20,"column":12},"end":{"line":20,"column":50}}]},"3":{"line":19,"type":"cond-expr","locations":[{"start":{"line":19,"column":12},"end":{"line":20,"column":50}},{"start":{"line":21,"column":12},"end":{"line":21,"column":45}}]},"4":{"line":19,"type":"cond-expr","locations":[{"start":{"line":19,"column":12},"end":{"line":21,"column":45}},{"start":{"line":22,"column":12},"end":{"line":22,"column":50}}]},"5":{"line":27,"type":"if","locations":[{"start":{"line":27,"column":8},"end":{"line":27,"column":8}},{"start":{"line":27,"column":8},"end":{"line":27,"column":8}}]},"6":{"line":28,"type":"cond-expr","locations":[{"start":{"line":28,"column":12},"end":{"line":28,"column":55}},{"start":{"line":29,"column":12},"end":{"line":29,"column":50}}]},"7":{"line":31,"type":"if","locations":[{"start":{"line":31,"column":12},"end":{"line":31,"column":12}},{"start":{"line":31,"column":12},"end":{"line":31,"column":12}}]},"8":{"line":31,"type":"cond-expr","locations":[{"start":{"line":31,"column":16},"end":{"line":31,"column":25}},{"start":{"line":31,"column":30},"end":{"line":31,"column":40}}]},"9":{"line":32,"type":"if","locations":[{"start":{"line":32,"column":12},"end":{"line":32,"column":12}},{"start":{"line":32,"column":12},"end":{"line":32,"column":12}}]},"10":{"line":32,"type":"cond-expr","locations":[{"start":{"line":32,"column":16},"end":{"line":32,"column":25}},{"start":{"line":32,"column":30},"end":{"line":32,"column":39}}]},"11":{"line":33,"type":"if","locations":[{"start":{"line":33,"column":12},"end":{"line":33,"column":12}},{"start":{"line":33,"column":12},"end":{"line":33,"column":12}}]},"12":{"line":33,"type":"cond-expr","locations":[{"start":{"line":33,"column":16},"end":{"line":33,"column":25}},{"start":{"line":33,"column":30},"end":{"line":33,"column":39}}]},"13":{"line":37,"type":"if","locations":[{"start":{"line":37,"column":8},"end":{"line":37,"column":8}},{"start":{"line":37,"column":8},"end":{"line":37,"column":8}}]},"14":{"line":38,"type":"cond-expr","locations":[{"start":{"line":38,"column":12},"end":{"line":38,"column":55}},{"start":{"line":39,"column":12},"end":{"line":39,"column":55}}]},"15":{"line":41,"type":"if","locations":[{"start":{"line":41,"column":12},"end":{"line":41,"column":12}},{"start":{"line":41,"column":12},"end":{"line":41,"column":12}}]},"16":{"line":41,"type":"cond-expr","locations":[{"start":{"line":41,"column":16},"end":{"line":41,"column":25}},{"start":{"line":41,"column":30},"end":{"line":41,"column":40}}]},"17":{"line":42,"type":"if","locations":[{"start":{"line":42,"column":12},"end":{"line":42,"column":12}},{"start":{"line":42,"column":12},"end":{"line":42,"column":12}}]},"18":{"line":42,"type":"cond-expr","locations":[{"start":{"line":42,"column":16},"end":{"line":42,"column":25}},{"start":{"line":42,"column":30},"end":{"line":42,"column":39}}]},"19":{"line":43,"type":"if","locations":[{"start":{"line":43,"column":12},"end":{"line":43,"column":12}},{"start":{"line":43,"column":12},"end":{"line":43,"column":12}}]},"20":{"line":43,"type":"cond-expr","locations":[{"start":{"line":43,"column":16},"end":{"line":43,"column":25}},{"start":{"line":43,"column":30},"end":{"line":43,"column":39}}]},"21":{"line":47,"type":"if","locations":[{"start":{"line":47,"column":8},"end":{"line":47,"column":8}},{"start":{"line":47,"column":8},"end":{"line":47,"column":8}}]},"22":{"line":47,"type":"cond-expr","locations":[{"start":{"line":47,"column":12},"end":{"line":47,"column":48}},{"start":{"line":47,"column":53},"end":{"line":47,"column":90}}]},"23":{"line":50,"type":"if","locations":[{"start":{"line":50,"column":8},"end":{"line":50,"column":8}},{"start":{"line":50,"column":8},"end":{"line":50,"column":8}}]},"24":{"line":50,"type":"cond-expr","locations":[{"start":{"line":50,"column":12},"end":{"line":50,"column":48}},{"start":{"line":50,"column":53},"end":{"line":50,"column":89}}]},"25":{"line":53,"type":"if","locations":[{"start":{"line":53,"column":8},"end":{"line":53,"column":8}},{"start":{"line":53,"column":8},"end":{"line":53,"column":8}}]},"26":{"line":53,"type":"cond-expr","locations":[{"start":{"line":53,"column":12},"end":{"line":53,"column":48}},{"start":{"line":53,"column":53},"end":{"line":53,"column":89}}]},"27":{"line":57,"type":"if","locations":[{"start":{"line":57,"column":8},"end":{"line":57,"column":8}},{"start":{"line":57,"column":8},"end":{"line":57,"column":8}}]},"28":{"line":58,"type":"if","locations":[{"start":{"line":58,"column":12},"end":{"line":58,"column":12}},{"start":{"line":58,"column":12},"end":{"line":58,"column":12}}]},"29":{"line":58,"type":"cond-expr","locations":[{"start":{"line":58,"column":16},"end":{"line":58,"column":25}},{"start":{"line":58,"column":30},"end":{"line":58,"column":40}}]},"30":{"line":59,"type":"if","locations":[{"start":{"line":59,"column":12},"end":{"line":59,"column":12}},{"start":{"line":59,"column":12},"end":{"line":59,"column":12}}]},"31":{"line":59,"type":"cond-expr","locations":[{"start":{"line":59,"column":16},"end":{"line":59,"column":25}},{"start":{"line":59,"column":30},"end":{"line":59,"column":39}}]},"32":{"line":59,"type":"cond-expr","locations":[{"start":{"line":59,"column":16},"end":{"line":59,"column":39}},{"start":{"line":59,"column":44},"end":{"line":59,"column":53}}]},"33":{"line":59,"type":"cond-expr","locations":[{"start":{"line":59,"column":16},"end":{"line":59,"column":53}},{"start":{"line":59,"column":58},"end":{"line":59,"column":68}}]},"34":{"line":59,"type":"cond-expr","locations":[{"start":{"line":59,"column":16},"end":{"line":59,"column":68}},{"start":{"line":59,"column":73},"end":{"line":59,"column":83}}]},"35":{"line":65,"type":"if","locations":[{"start":{"line":65,"column":8},"end":{"line":65,"column":8}},{"start":{"line":65,"column":8},"end":{"line":65,"column":8}}]},"36":{"line":65,"type":"cond-expr","locations":[{"start":{"line":65,"column":12},"end":{"line":65,"column":47}},{"start":{"line":65,"column":52},"end":{"line":65,"column":88}}]},"37":{"line":68,"type":"if","locations":[{"start":{"line":68,"column":8},"end":{"line":68,"column":8}},{"start":{"line":68,"column":8},"end":{"line":68,"column":8}}]},"38":{"line":68,"type":"cond-expr","locations":[{"start":{"line":68,"column":12},"end":{"line":68,"column":47}},{"start":{"line":68,"column":52},"end":{"line":68,"column":87}}]},"39":{"line":72,"type":"if","locations":[{"start":{"line":72,"column":8},"end":{"line":72,"column":8}},{"start":{"line":72,"column":8},"end":{"line":72,"column":8}}]},"40":{"line":73,"type":"if","locations":[{"start":{"line":73,"column":8},"end":{"line":73,"column":8}},{"start":{"line":73,"column":8},"end":{"line":73,"column":8}}]},"41":{"line":74,"type":"if","locations":[{"start":{"line":74,"column":8},"end":{"line":74,"column":8}},{"start":{"line":74,"column":8},"end":{"line":74,"column":8}}]},"42":{"line":74,"type":"cond-expr","locations":[{"start":{"line":74,"column":12},"end":{"line":74,"column":48}},{"start":{"line":74,"column":53},"end":{"line":74,"column":88}}]},"43":{"line":77,"type":"if","locations":[{"start":{"line":77,"column":8},"end":{"line":77,"column":8}},{"start":{"line":77,"column":8},"end":{"line":77,"column":8}}]},"44":{"line":77,"type":"cond-expr","locations":[{"start":{"line":77,"column":12},"end":{"line":77,"column":48}},{"start":{"line":77,"column":53},"end":{"line":77,"column":84}}]},"45":{"line":80,"type":"if","locations":[{"start":{"line":80,"column":8},"end":{"line":80,"column":8}},{"start":{"line":80,"column":8},"end":{"line":80,"column":8}}]},"46":{"line":81,"type":"if","locations":[{"start":{"line":81,"column":12},"end":{"line":81,"column":12}},{"start":{"line":81,"column":12},"end":{"line":81,"column":12}}]},"47":{"line":81,"type":"cond-expr","locations":[{"start":{"line":81,"column":16},"end":{"line":81,"column":25}},{"start":{"line":81,"column":30},"end":{"line":81,"column":40}}]},"48":{"line":82,"type":"if","locations":[{"start":{"line":82,"column":12},"end":{"line":82,"column":12}},{"start":{"line":82,"column":12},"end":{"line":82,"column":12}}]},"49":{"line":82,"type":"cond-expr","locations":[{"start":{"line":82,"column":16},"end":{"line":82,"column":25}},{"start":{"line":82,"column":30},"end":{"line":82,"column":40}}]},"50":{"line":164,"type":"if","locations":[{"start":{"line":164,"column":8},"end":{"line":164,"column":8}},{"start":{"line":164,"column":8},"end":{"line":164,"column":8}}]},"51":{"line":166,"type":"if","locations":[{"start":{"line":166,"column":8},"end":{"line":166,"column":8}},{"start":{"line":166,"column":8},"end":{"line":166,"column":8}}]},"52":{"line":167,"type":"if","locations":[{"start":{"line":167,"column":12},"end":{"line":167,"column":12}},{"start":{"line":167,"column":12},"end":{"line":167,"column":12}}]},"53":{"line":167,"type":"cond-expr","locations":[{"start":{"line":167,"column":32},"end":{"line":167,"column":39}},{"start":{"line":167,"column":44},"end":{"line":167,"column":52}}]},"54":{"line":167,"type":"cond-expr","locations":[{"start":{"line":167,"column":16},"end":{"line":167,"column":54}},{"start":{"line":167,"column":59},"end":{"line":167,"column":86}}]},"55":{"line":173,"type":"if","locations":[{"start":{"line":173,"column":8},"end":{"line":173,"column":8}},{"start":{"line":173,"column":8},"end":{"line":173,"column":8}}]},"56":{"line":174,"type":"if","locations":[{"start":{"line":174,"column":12},"end":{"line":174,"column":12}},{"start":{"line":174,"column":12},"end":{"line":174,"column":12}}]},"57":{"line":174,"type":"cond-expr","locations":[{"start":{"line":174,"column":16},"end":{"line":174,"column":23}},{"start":{"line":174,"column":28},"end":{"line":174,"column":35}}]},"58":{"line":178,"type":"if","locations":[{"start":{"line":178,"column":8},"end":{"line":178,"column":8}},{"start":{"line":178,"column":8},"end":{"line":178,"column":8}}]},"59":{"line":188,"type":"if","locations":[{"start":{"line":188,"column":8},"end":{"line":188,"column":8}},{"start":{"line":188,"column":8},"end":{"line":188,"column":8}}]},"60":{"line":188,"type":"cond-expr","locations":[{"start":{"line":188,"column":12},"end":{"line":188,"column":22}},{"start":{"line":188,"column":27},"end":{"line":188,"column":36}}]},"61":{"line":190,"type":"if","locations":[{"start":{"line":190,"column":8},"end":{"line":190,"column":8}},{"start":{"line":190,"column":8},"end":{"line":190,"column":8}}]},"62":{"line":191,"type":"cond-expr","locations":[{"start":{"line":191,"column":12},"end":{"line":191,"column":73}},{"start":{"line":192,"column":12},"end":{"line":192,"column":69}}]},"63":{"line":205,"type":"if","locations":[{"start":{"line":205,"column":8},"end":{"line":205,"column":8}},{"start":{"line":205,"column":8},"end":{"line":205,"column":8}}]},"64":{"line":207,"type":"if","locations":[{"start":{"line":207,"column":8},"end":{"line":207,"column":8}},{"start":{"line":207,"column":8},"end":{"line":207,"column":8}}]},"65":{"line":208,"type":"if","locations":[{"start":{"line":208,"column":12},"end":{"line":208,"column":12}},{"start":{"line":208,"column":12},"end":{"line":208,"column":12}}]},"66":{"line":209,"type":"if","locations":[{"start":{"line":209,"column":16},"end":{"line":209,"column":16}},{"start":{"line":209,"column":16},"end":{"line":209,"column":16}}]},"67":{"line":209,"type":"cond-expr","locations":[{"start":{"line":209,"column":20},"end":{"line":209,"column":27}},{"start":{"line":209,"column":32},"end":{"line":209,"column":40}}]},"68":{"line":215,"type":"if","locations":[{"start":{"line":215,"column":12},"end":{"line":215,"column":12}},{"start":{"line":215,"column":12},"end":{"line":215,"column":12}}]},"69":{"line":215,"type":"cond-expr","locations":[{"start":{"line":215,"column":16},"end":{"line":215,"column":23}},{"start":{"line":215,"column":28},"end":{"line":215,"column":35}}]},"70":{"line":221,"type":"if","locations":[{"start":{"line":221,"column":8},"end":{"line":221,"column":8}},{"start":{"line":221,"column":8},"end":{"line":221,"column":8}}]},"71":{"line":222,"type":"if","locations":[{"start":{"line":222,"column":12},"end":{"line":222,"column":12}},{"start":{"line":222,"column":12},"end":{"line":222,"column":12}}]},"72":{"line":229,"type":"if","locations":[{"start":{"line":229,"column":8},"end":{"line":229,"column":8}},{"start":{"line":229,"column":8},"end":{"line":229,"column":8}}]},"73":{"line":243,"type":"if","locations":[{"start":{"line":243,"column":8},"end":{"line":243,"column":8}},{"start":{"line":243,"column":8},"end":{"line":243,"column":8}}]},"74":{"line":243,"type":"cond-expr","locations":[{"start":{"line":243,"column":12},"end":{"line":243,"column":26}},{"start":{"line":243,"column":31},"end":{"line":243,"column":42}}]},"75":{"line":243,"type":"cond-expr","locations":[{"start":{"line":243,"column":12},"end":{"line":243,"column":42}},{"start":{"line":243,"column":47},"end":{"line":243,"column":59}}]},"76":{"line":253,"type":"if","locations":[{"start":{"line":253,"column":8},"end":{"line":253,"column":8}},{"start":{"line":253,"column":8},"end":{"line":253,"column":8}}]},"77":{"line":254,"type":"if","locations":[{"start":{"line":254,"column":8},"end":{"line":254,"column":8}},{"start":{"line":254,"column":8},"end":{"line":254,"column":8}}]},"78":{"line":265,"type":"if","locations":[{"start":{"line":265,"column":8},"end":{"line":265,"column":8}},{"start":{"line":265,"column":8},"end":{"line":265,"column":8}}]},"79":{"line":274,"type":"if","locations":[{"start":{"line":274,"column":8},"end":{"line":274,"column":8}},{"start":{"line":274,"column":8},"end":{"line":274,"column":8}}]},"80":{"line":280,"type":"if","locations":[{"start":{"line":280,"column":23},"end":{"line":280,"column":23}},{"start":{"line":280,"column":27},"end":{"line":280,"column":27}}]}}}}